[2026-06-13 07:44:12Z INFO HostContext] No proxy settings were found based on environmental variables (http_proxy/https_proxy/HTTP_PROXY/HTTPS_PROXY)
[2026-06-13 07:44:12Z INFO HostContext] Well known directory 'Bin': 'D:\Docker\actions-runner\bin'
[2026-06-13 07:44:12Z INFO HostContext] Well known directory 'Root': 'D:\Docker\actions-runner'
[2026-06-13 07:44:12Z INFO HostContext] Well known config file 'Credentials': 'D:\Docker\actions-runner\.credentials'
[2026-06-13 07:44:12Z INFO HostContext] Well known directory 'Bin': 'D:\Docker\actions-runner\bin'
[2026-06-13 07:44:12Z INFO HostContext] Well known directory 'Root': 'D:\Docker\actions-runner'
[2026-06-13 07:44:12Z INFO HostContext] Well known config file 'Runner': 'D:\Docker\actions-runner\.runner'
[2026-06-13 07:44:12Z INFO Listener] Runner is built for Windows (X64) - win-x64.
[2026-06-13 07:44:12Z INFO Listener] RuntimeInformation: Microsoft Windows 10.0.26200.
[2026-06-13 07:44:12Z INFO Listener] Version: 2.335.1
[2026-06-13 07:44:12Z INFO Listener] Commit: 7d737449ef346f6524f75688d0c9c95fa10ba10a
[2026-06-13 07:44:12Z INFO Listener] Culture: en-US
[2026-06-13 07:44:12Z INFO Listener] UI Culture: en-US
[2026-06-13 07:44:12Z INFO HostContext] Well known directory 'Bin': 'D:\Docker\actions-runner\bin'
[2026-06-13 07:44:12Z INFO HostContext] Well known directory 'Root': 'D:\Docker\actions-runner'
[2026-06-13 07:44:12Z INFO Listener] Validating directory permissions for: 'D:\Docker\actions-runner'
[2026-06-13 07:44:12Z INFO CommandLineParser] Parse
[2026-06-13 07:44:12Z INFO CommandLineParser] Parsing 1 args
[2026-06-13 07:44:12Z INFO CommandLineParser] parsing argument
[2026-06-13 07:44:12Z INFO CommandLineParser] HasArgs: False
[2026-06-13 07:44:12Z INFO CommandLineParser] Adding Command: run
[2026-06-13 07:44:12Z INFO Listener] Arguments parsed
[2026-06-13 07:44:12Z INFO Runner] ExecuteCommand
[2026-06-13 07:44:12Z INFO ConfigurationStore] currentAssemblyLocation: D:\Docker\actions-runner\bin\Runner.Listener.dll
[2026-06-13 07:44:12Z INFO HostContext] Well known directory 'Bin': 'D:\Docker\actions-runner\bin'
[2026-06-13 07:44:12Z INFO ConfigurationStore] binPath: D:\Docker\actions-runner\bin
[2026-06-13 07:44:12Z INFO HostContext] Well known directory 'Bin': 'D:\Docker\actions-runner\bin'
[2026-06-13 07:44:12Z INFO HostContext] Well known directory 'Root': 'D:\Docker\actions-runner'
[2026-06-13 07:44:12Z INFO ConfigurationStore] RootFolder: D:\Docker\actions-runner
[2026-06-13 07:44:12Z INFO HostContext] Well known directory 'Bin': 'D:\Docker\actions-runner\bin'
[2026-06-13 07:44:12Z INFO HostContext] Well known directory 'Root': 'D:\Docker\actions-runner'
[2026-06-13 07:44:12Z INFO HostContext] Well known config file 'Runner': 'D:\Docker\actions-runner\.runner'
[2026-06-13 07:44:12Z INFO ConfigurationStore] ConfigFilePath: D:\Docker\actions-runner\.runner
[2026-06-13 07:44:12Z INFO HostContext] Well known directory 'Bin': 'D:\Docker\actions-runner\bin'
[2026-06-13 07:44:12Z INFO HostContext] Well known directory 'Root': 'D:\Docker\actions-runner'
[2026-06-13 07:44:12Z INFO HostContext] Well known config file 'MigratedRunner': 'D:\Docker\actions-runner\.runner_migrated'
[2026-06-13 07:44:12Z INFO ConfigurationStore] MigratedConfigFilePath: D:\Docker\actions-runner\.runner_migrated
[2026-06-13 07:44:12Z INFO HostContext] Well known directory 'Bin': 'D:\Docker\actions-runner\bin'
[2026-06-13 07:44:12Z INFO HostContext] Well known directory 'Root': 'D:\Docker\actions-runner'
[2026-06-13 07:44:12Z INFO HostContext] Well known config file 'Credentials': 'D:\Docker\actions-runner\.credentials'
[2026-06-13 07:44:12Z INFO ConfigurationStore] CredFilePath: D:\Docker\actions-runner\.credentials
[2026-06-13 07:44:12Z INFO HostContext] Well known directory 'Bin': 'D:\Docker\actions-runner\bin'
[2026-06-13 07:44:12Z INFO HostContext] Well known directory 'Root': 'D:\Docker\actions-runner'
[2026-06-13 07:44:12Z INFO HostContext] Well known config file 'MigratedCredentials': 'D:\Docker\actions-runner\.credentials_migrated'
[2026-06-13 07:44:12Z INFO ConfigurationStore] MigratedCredFilePath: D:\Docker\actions-runner\.credentials_migrated
[2026-06-13 07:44:12Z INFO HostContext] Well known directory 'Bin': 'D:\Docker\actions-runner\bin'
[2026-06-13 07:44:12Z INFO HostContext] Well known directory 'Root': 'D:\Docker\actions-runner'
[2026-06-13 07:44:12Z INFO HostContext] Well known config file 'Service': 'D:\Docker\actions-runner\.service'
[2026-06-13 07:44:12Z INFO ConfigurationStore] ServiceConfigFilePath: D:\Docker\actions-runner\.service
[2026-06-13 07:44:12Z INFO CommandSettings] Flag 'help': 'False'
[2026-06-13 07:44:12Z INFO CommandSettings] Flag 'version': 'False'
[2026-06-13 07:44:12Z INFO CommandSettings] Flag 'commit': 'False'
[2026-06-13 07:44:12Z INFO CommandSettings] Flag 'check': 'False'
[2026-06-13 07:44:12Z INFO CommandSettings] Command 'configure': 'False'
[2026-06-13 07:44:12Z INFO CommandSettings] Command 'remove': 'False'
[2026-06-13 07:44:12Z INFO CommandSettings] Command 'warmup': 'False'
[2026-06-13 07:44:12Z INFO ConfigurationManager] LoadSettings
[2026-06-13 07:44:12Z INFO ConfigurationStore] IsConfigured()
[2026-06-13 07:44:12Z INFO ConfigurationStore] IsConfigured: True
[2026-06-13 07:44:12Z INFO ConfigurationManager] Is configured: True
[2026-06-13 07:44:12Z INFO ConfigurationStore] Read setting file: 417 chars
[2026-06-13 07:44:12Z INFO ConfigurationManager] Settings Loaded
[2026-06-13 07:44:12Z INFO ConfigurationStore] IsServiceConfigured()
[2026-06-13 07:44:12Z INFO ConfigurationStore] IsServiceConfigured: False
[2026-06-13 07:44:12Z INFO CommandSettings] Command 'run': 'True'
[2026-06-13 07:44:12Z INFO ConfigurationStore] IsConfigured()
[2026-06-13 07:44:12Z INFO ConfigurationStore] IsConfigured: True
[2026-06-13 07:44:12Z INFO ConfigurationManager] Is configured: True
[2026-06-13 07:44:12Z INFO Runner] Could not parse the argument value '' for StartupType. Defaulting to Manual
[2026-06-13 07:44:12Z INFO Runner] Set runner startup type - Manual
[2026-06-13 07:44:12Z INFO CommandSettings] Flag 'once': 'False'
[2026-06-13 07:44:12Z INFO CommandSettings] Flag 'once': 'False'
[2026-06-13 07:44:12Z INFO Runner] RunAsync
[2026-06-13 07:44:12Z INFO HostContext] Well known directory 'Bin': 'D:\Docker\actions-runner\bin'
[2026-06-13 07:44:12Z INFO HostContext] Well known directory 'Root': 'D:\Docker\actions-runner'
[2026-06-13 07:44:12Z INFO HostContext] Well known directory 'Work': 'D:\Docker\actions-runner\_work'
[2026-06-13 07:44:12Z INFO Runner] Validating directory permissions for: 'D:\Docker\actions-runner\_work'
[2026-06-13 07:44:12Z INFO ConfigurationManager] LoadMigratedSettings
[2026-06-13 07:44:12Z INFO ConfigurationStore] IsMigratedConfigured()
[2026-06-13 07:44:12Z INFO ConfigurationStore] IsMigratedConfigured: False
[2026-06-13 07:44:12Z INFO Runner] Failed to load migrated settings: No migrated configuration found.
[2026-06-13 07:44:12Z INFO Runner] Falling back to original .runner settings
[2026-06-13 07:44:12Z INFO Runner] Using BrokerMessageListener
[2026-06-13 07:44:12Z INFO BrokerMessageListener] Using provided settings
[2026-06-13 07:44:12Z INFO BrokerMessageListener] {
  "AgentId": 2,
  "AgentName": "BHARATH",
  "PoolId": 1,
  "PoolName": "Default",
  "ServerUrl": "https://pipelinesghubeus9.actions.githubusercontent.com/pO2Kfuaw990lFFKM1HLGu2nECRmOXlR6O4HndQ3ElYcmiGSwrP/",
  "GitHubUrl": "https://github.com/BharathMalayalam/CI-CD-Project-using-Git-Action",
  "WorkFolder": "_work",
  "UseV2Flow": true,
  "ServerUrlV2": "https://broker.actions.githubusercontent.com/"
}
[2026-06-13 07:44:12Z INFO BrokerMessageListener] Loading Credentials
[2026-06-13 07:44:12Z INFO ConfigurationStore] HasCredentials()
[2026-06-13 07:44:12Z INFO ConfigurationStore] stored True
[2026-06-13 07:44:12Z INFO CredentialManager] GetCredentialProvider
[2026-06-13 07:44:12Z INFO CredentialManager] Creating type OAuth
[2026-06-13 07:44:12Z INFO CredentialManager] Creating credential type: OAuth
[2026-06-13 07:44:12Z INFO HostContext] Well known directory 'Bin': 'D:\Docker\actions-runner\bin'
[2026-06-13 07:44:12Z INFO HostContext] Well known directory 'Root': 'D:\Docker\actions-runner'
[2026-06-13 07:44:12Z INFO HostContext] Well known config file 'RSACredentials': 'D:\Docker\actions-runner\.credentials_rsaparams'
[2026-06-13 07:44:12Z INFO RSAEncryptedFileKeyManager] Loading RSA key parameters from file D:\Docker\actions-runner\.credentials_rsaparams
[2026-06-13 07:44:12Z INFO BrokerMessageListener] Attempt to create session.
[2026-06-13 07:44:12Z INFO BrokerMessageListener] Connecting to the Broker Server...
[2026-06-13 07:44:12Z INFO ConfigurationStore] HasCredentials()
[2026-06-13 07:44:12Z INFO ConfigurationStore] stored True
[2026-06-13 07:44:12Z INFO CredentialManager] GetCredentialProvider
[2026-06-13 07:44:12Z INFO CredentialManager] Creating type OAuth
[2026-06-13 07:44:12Z INFO CredentialManager] Creating credential type: OAuth
[2026-06-13 07:44:12Z INFO RSAEncryptedFileKeyManager] Loading RSA key parameters from file D:\Docker\actions-runner\.credentials_rsaparams
[2026-06-13 07:44:12Z INFO BrokerMessageListener] VssConnection created
[2026-06-13 07:44:12Z INFO BrokerMessageListener] Connecting to the Runner server...
[2026-06-13 07:44:12Z INFO RunnerServer] EstablishVssConnection
[2026-06-13 07:44:12Z INFO RunnerServer] Establish connection with 100 seconds timeout.
[2026-06-13 07:44:13Z INFO GitHubActionsService] Starting operation Location.GetConnectionData
[2026-06-13 07:44:13Z INFO RunnerServer] EstablishVssConnection
[2026-06-13 07:44:13Z INFO RunnerServer] Establish connection with 60 seconds timeout.
[2026-06-13 07:44:13Z INFO GitHubActionsService] Starting operation Location.GetConnectionData
[2026-06-13 07:44:13Z INFO RunnerServer] EstablishVssConnection
[2026-06-13 07:44:13Z INFO RunnerServer] Establish connection with 60 seconds timeout.
[2026-06-13 07:44:13Z INFO GitHubActionsService] Starting operation Location.GetConnectionData
[2026-06-13 07:44:14Z INFO GitHubActionsService] Finished operation Location.GetConnectionData
[2026-06-13 07:44:14Z INFO GitHubActionsService] Finished operation Location.GetConnectionData
[2026-06-13 07:44:14Z INFO GitHubActionsService] Finished operation Location.GetConnectionData
[2026-06-13 07:44:15Z INFO BrokerMessageListener] VssConnection created
[2026-06-13 07:44:15Z INFO Terminal] WRITE LINE: 
[2026-06-13 07:44:15Z INFO Terminal] WRITE LINE: 
[2026-06-13 07:44:15Z INFO RSAEncryptedFileKeyManager] Loading RSA key parameters from file D:\Docker\actions-runner\.credentials_rsaparams
[2026-06-13 07:44:15Z INFO RSAEncryptedFileKeyManager] Loading RSA key parameters from file D:\Docker\actions-runner\.credentials_rsaparams
[2026-06-13 07:44:16Z INFO GitHubActionsService] AAD Correlation ID for this token request: Unknown
[2026-06-13 07:44:17Z INFO BrokerMessageListener] Session created.
[2026-06-13 07:44:17Z INFO Terminal] WRITE LINE: Current runner version: '2.335.1'
[2026-06-13 07:44:17Z INFO Terminal] WRITE LINE: 2026-06-13 07:44:17Z: Listening for Jobs
[2026-06-13 07:44:17Z INFO JobDispatcher] Set runner/worker IPC timeout to 30 seconds.
[2026-06-13 07:44:59Z INFO BrokerMessageListener] Acknowledging runner request 'd39e9fe4-14db-5b79-b1ae-42242db8ab16'.
[2026-06-13 07:44:59Z INFO ConfigurationStore] HasCredentials()
[2026-06-13 07:44:59Z INFO ConfigurationStore] stored True
[2026-06-13 07:44:59Z INFO CredentialManager] GetCredentialProvider
[2026-06-13 07:44:59Z INFO CredentialManager] Creating type OAuth
[2026-06-13 07:44:59Z INFO CredentialManager] Creating credential type: OAuth
[2026-06-13 07:44:59Z INFO RSAEncryptedFileKeyManager] Loading RSA key parameters from file D:\Docker\actions-runner\.credentials_rsaparams
[2026-06-13 07:44:59Z INFO RSAEncryptedFileKeyManager] Loading RSA key parameters from file D:\Docker\actions-runner\.credentials_rsaparams
[2026-06-13 07:44:59Z INFO RSAEncryptedFileKeyManager] Loading RSA key parameters from file D:\Docker\actions-runner\.credentials_rsaparams
[2026-06-13 07:45:01Z INFO GitHubActionsService] AAD Correlation ID for this token request: Unknown
[2026-06-13 07:45:02Z INFO JobDispatcher] Job request 0 for plan 59a6091e-6a88-4521-943c-7ffb19caeab8 job d39e9fe4-14db-5b79-b1ae-42242db8ab16 received.
[2026-06-13 07:45:02Z INFO JobDispatcher] Pull OrchestrationId 59a6091e-6a88-4521-943c-7ffb19caeab8.deploy.__default from JWT claims
[2026-06-13 07:45:02Z INFO BrokerMessageListener] Received job status event. JobState: Busy
[2026-06-13 07:45:02Z INFO BrokerMessageListener] _getMessagesTokenSource is already disposed.
[2026-06-13 07:45:02Z INFO Terminal] WRITE LINE: 2026-06-13 07:45:02Z: Running job: deploy
[2026-06-13 07:45:02Z INFO JobDispatcher] Start renew job request 0 for job d39e9fe4-14db-5b79-b1ae-42242db8ab16.
[2026-06-13 07:45:03Z INFO JobDispatcher] Successfully renew job d39e9fe4-14db-5b79-b1ae-42242db8ab16, job is valid till 6/13/2026 7:54:57 AM
[2026-06-13 07:45:03Z INFO HostContext] Well known directory 'Bin': 'D:\Docker\actions-runner\bin'
[2026-06-13 07:45:03Z INFO ProcessInvokerWrapper] Starting process:
[2026-06-13 07:45:03Z INFO ProcessInvokerWrapper]   File name: 'D:\Docker\actions-runner\bin\Runner.Worker.exe'
[2026-06-13 07:45:03Z INFO ProcessInvokerWrapper]   Arguments: 'spawnclient 1624 1364'
[2026-06-13 07:45:03Z INFO ProcessInvokerWrapper]   Working directory: 'D:\Docker\actions-runner\bin'
[2026-06-13 07:45:03Z INFO ProcessInvokerWrapper]   Require exit code zero: 'False'
[2026-06-13 07:45:03Z INFO ProcessInvokerWrapper]   Encoding web name:  ; code page: ''
[2026-06-13 07:45:03Z INFO ProcessInvokerWrapper]   Force kill process on cancellation: 'True'
[2026-06-13 07:45:03Z INFO ProcessInvokerWrapper]   Redirected STDIN: 'False'
[2026-06-13 07:45:03Z INFO ProcessInvokerWrapper]   Persist current code page: 'False'
[2026-06-13 07:45:03Z INFO ProcessInvokerWrapper]   Keep redirected STDIN open: 'False'
[2026-06-13 07:45:03Z INFO ProcessInvokerWrapper]   High priority process: 'True'
[2026-06-13 07:45:03Z INFO ProcessInvokerWrapper] Process started with process id 9592, waiting for process exit.
[2026-06-13 07:45:03Z INFO JobDispatcher] Send job request message to worker for job d39e9fe4-14db-5b79-b1ae-42242db8ab16.
[2026-06-13 07:45:04Z INFO ProcessChannel] Sending message of length 24116, with hash '3b40765fb33a9c23a0e7aaf8966fb8f2b884a4abbbbc60365bb43c0a854c1a80'
[2026-06-13 07:45:04Z INFO JobNotification] Entering JobStarted Notification
[2026-06-13 07:45:04Z INFO JobNotification] Entering StartMonitor
[2026-06-13 07:46:04Z INFO JobDispatcher] Successfully renew job d39e9fe4-14db-5b79-b1ae-42242db8ab16, job is valid till 6/13/2026 7:55:57 AM
[2026-06-13 07:46:05Z INFO ProcessInvokerWrapper] STDOUT/STDERR stream read finished.
[2026-06-13 07:46:05Z INFO ProcessInvokerWrapper] STDOUT/STDERR stream read finished.
[2026-06-13 07:46:05Z INFO ProcessInvokerWrapper] Finished process 9592 with exit code 102, and elapsed time 00:01:01.8988863.
[2026-06-13 07:46:05Z INFO JobDispatcher] Worker finished for job d39e9fe4-14db-5b79-b1ae-42242db8ab16. Code: 102
[2026-06-13 07:46:05Z INFO JobDispatcher] finish job request for job d39e9fe4-14db-5b79-b1ae-42242db8ab16 with result: Failed
[2026-06-13 07:46:05Z INFO Terminal] WRITE LINE: 2026-06-13 07:46:05Z: Job deploy completed with result: Failed
[2026-06-13 07:46:05Z INFO JobDispatcher] Stop renew job request for job d39e9fe4-14db-5b79-b1ae-42242db8ab16.
[2026-06-13 07:46:05Z INFO JobDispatcher] job renew has been cancelled, stop renew job d39e9fe4-14db-5b79-b1ae-42242db8ab16.
[2026-06-13 07:46:05Z INFO JobNotification] Entering JobCompleted Notification
[2026-06-13 07:46:05Z INFO JobNotification] Entering EndMonitor
[2026-06-13 07:46:05Z INFO BrokerMessageListener] Received job status event. JobState: Online
[2026-06-13 07:46:05Z WARN GitHubActionsService] GET request to https://broker.actions.githubusercontent.com/message?sessionId=f713cd36-aeee-4d57-b675-a8db48bda94d&status=Busy&runnerVersion=2.335.1&os=Windows&architecture=X64&disableUpdate=false has been cancelled.
[2026-06-13 07:46:05Z ERR  BrokerServer] Catch exception during request
[2026-06-13 07:46:05Z ERR  BrokerServer] System.Threading.Tasks.TaskCanceledException: The operation was canceled.
 ---> System.Threading.Tasks.TaskCanceledException: The operation was canceled.
 ---> System.IO.IOException: Unable to read data from the transport connection: The I/O operation has been aborted because of either a thread exit or an application request..
 ---> System.Net.Sockets.SocketException (995): The I/O operation has been aborted because of either a thread exit or an application request.
   --- End of inner exception stack trace ---
   at System.Net.Sockets.Socket.AwaitableSocketAsyncEventArgs.ThrowException(SocketError error, CancellationToken cancellationToken)
   at System.Net.Sockets.Socket.AwaitableSocketAsyncEventArgs.System.Threading.Tasks.Sources.IValueTaskSource<System.Int32>.GetResult(Int16 token)
   at System.Net.Security.SslStream.EnsureFullTlsFrameAsync[TIOAdapter](CancellationToken cancellationToken, Int32 estimatedSize)
   at System.Runtime.CompilerServices.PoolingAsyncValueTaskMethodBuilder`1.StateMachineBox`1.System.Threading.Tasks.Sources.IValueTaskSource<TResult>.GetResult(Int16 token)
   at System.Net.Security.SslStream.ReadAsyncInternal[TIOAdapter](Memory`1 buffer, CancellationToken cancellationToken)
   at System.Runtime.CompilerServices.PoolingAsyncValueTaskMethodBuilder`1.StateMachineBox`1.System.Threading.Tasks.Sources.IValueTaskSource<TResult>.GetResult(Int16 token)
   at System.Net.Http.HttpConnection.SendAsync(HttpRequestMessage request, Boolean async, CancellationToken cancellationToken)
   --- End of inner exception stack trace ---
   at System.Net.Http.HttpConnection.SendAsync(HttpRequestMessage request, Boolean async, CancellationToken cancellationToken)
   at System.Net.Http.AuthenticationHelper.SendWithNtAuthAsync(HttpRequestMessage request, Uri authUri, Boolean async, ICredentials credentials, Boolean isProxyAuth, HttpConnection connection, HttpConnectionPool connectionPool, CancellationToken cancellationToken)
   at System.Net.Http.HttpConnectionPool.SendWithVersionDetectionAndRetryAsync(HttpRequestMessage request, Boolean async, Boolean doRequestAuth, CancellationToken cancellationToken)
   at System.Net.Http.AuthenticationHelper.SendWithAuthAsync(HttpRequestMessage request, Uri authUri, Boolean async, ICredentials credentials, Boolean preAuthenticate, Boolean isProxyAuth, Boolean doRequestAuth, HttpConnectionPool pool, CancellationToken cancellationToken)
   at System.Net.Http.RedirectHandler.SendAsync(HttpRequestMessage request, Boolean async, CancellationToken cancellationToken)
   at GitHub.Services.Common.RawHttpMessageHandler.SendAsync(HttpRequestMessage request, CancellationToken cancellationToken)
   at GitHub.Services.Common.VssHttpRetryMessageHandler.SendAsync(HttpRequestMessage request, CancellationToken cancellationToken)
   at System.Net.Http.HttpClient.<SendAsync>g__Core|83_0(HttpRequestMessage request, HttpCompletionOption completionOption, CancellationTokenSource cts, Boolean disposeCts, CancellationTokenSource pendingRequestsCts, CancellationToken originalCancellationToken)
   --- End of inner exception stack trace ---
   at System.Net.Http.HttpClient.HandleFailure(Exception e, Boolean telemetryStarted, HttpResponseMessage response, CancellationTokenSource cts, CancellationToken cancellationToken, CancellationTokenSource pendingRequestsCts)
   at System.Net.Http.HttpClient.<SendAsync>g__Core|83_0(HttpRequestMessage request, HttpCompletionOption completionOption, CancellationTokenSource cts, Boolean disposeCts, CancellationTokenSource pendingRequestsCts, CancellationToken originalCancellationToken)
   at Sdk.WebApi.WebApi.RawHttpClientBase.SendAsync(HttpRequestMessage message, HttpCompletionOption completionOption, Object userState, CancellationToken cancellationToken)
   at Sdk.WebApi.WebApi.RawHttpClientBase.SendAsync[T](HttpRequestMessage message, Boolean readErrorBody, Object userState, CancellationToken cancellationToken)
   at Sdk.WebApi.WebApi.RawHttpClientBase.SendAsync[T](HttpMethod method, IEnumerable`1 additionalHeaders, Uri requestUri, HttpContent content, IEnumerable`1 queryParameters, Boolean readErrorBody, Object userState, CancellationToken cancellationToken)
   at GitHub.Actions.RunService.WebApi.BrokerHttpClient.GetRunnerMessageAsync(Nullable`1 sessionId, String runnerVersion, Nullable`1 status, String os, String architecture, Nullable`1 disableUpdate, CancellationToken cancellationToken)
   at GitHub.Runner.Common.BrokerServer.<>c__DisplayClass7_0.<<GetRunnerMessageAsync>b__0>d.MoveNext()
--- End of stack trace from previous location ---
   at GitHub.Runner.Common.RunnerService.RetryRequest[T](Func`1 func, CancellationToken cancellationToken, Int32 maxAttempts, Func`2 shouldRetry)
[2026-06-13 07:46:05Z ERR  BrokerServer] #####################################################
[2026-06-13 07:46:05Z ERR  BrokerServer] System.Threading.Tasks.TaskCanceledException: The operation was canceled.
 ---> System.IO.IOException: Unable to read data from the transport connection: The I/O operation has been aborted because of either a thread exit or an application request..
 ---> System.Net.Sockets.SocketException (995): The I/O operation has been aborted because of either a thread exit or an application request.
   --- End of inner exception stack trace ---
   at System.Net.Sockets.Socket.AwaitableSocketAsyncEventArgs.ThrowException(SocketError error, CancellationToken cancellationToken)
   at System.Net.Sockets.Socket.AwaitableSocketAsyncEventArgs.System.Threading.Tasks.Sources.IValueTaskSource<System.Int32>.GetResult(Int16 token)
   at System.Net.Security.SslStream.EnsureFullTlsFrameAsync[TIOAdapter](CancellationToken cancellationToken, Int32 estimatedSize)
   at System.Runtime.CompilerServices.PoolingAsyncValueTaskMethodBuilder`1.StateMachineBox`1.System.Threading.Tasks.Sources.IValueTaskSource<TResult>.GetResult(Int16 token)
   at System.Net.Security.SslStream.ReadAsyncInternal[TIOAdapter](Memory`1 buffer, CancellationToken cancellationToken)
   at System.Runtime.CompilerServices.PoolingAsyncValueTaskMethodBuilder`1.StateMachineBox`1.System.Threading.Tasks.Sources.IValueTaskSource<TResult>.GetResult(Int16 token)
   at System.Net.Http.HttpConnection.SendAsync(HttpRequestMessage request, Boolean async, CancellationToken cancellationToken)
   --- End of inner exception stack trace ---
   at System.Net.Http.HttpConnection.SendAsync(HttpRequestMessage request, Boolean async, CancellationToken cancellationToken)
   at System.Net.Http.AuthenticationHelper.SendWithNtAuthAsync(HttpRequestMessage request, Uri authUri, Boolean async, ICredentials credentials, Boolean isProxyAuth, HttpConnection connection, HttpConnectionPool connectionPool, CancellationToken cancellationToken)
   at System.Net.Http.HttpConnectionPool.SendWithVersionDetectionAndRetryAsync(HttpRequestMessage request, Boolean async, Boolean doRequestAuth, CancellationToken cancellationToken)
   at System.Net.Http.AuthenticationHelper.SendWithAuthAsync(HttpRequestMessage request, Uri authUri, Boolean async, ICredentials credentials, Boolean preAuthenticate, Boolean isProxyAuth, Boolean doRequestAuth, HttpConnectionPool pool, CancellationToken cancellationToken)
   at System.Net.Http.RedirectHandler.SendAsync(HttpRequestMessage request, Boolean async, CancellationToken cancellationToken)
   at GitHub.Services.Common.RawHttpMessageHandler.SendAsync(HttpRequestMessage request, CancellationToken cancellationToken)
   at GitHub.Services.Common.VssHttpRetryMessageHandler.SendAsync(HttpRequestMessage request, CancellationToken cancellationToken)
   at System.Net.Http.HttpClient.<SendAsync>g__Core|83_0(HttpRequestMessage request, HttpCompletionOption completionOption, CancellationTokenSource cts, Boolean disposeCts, CancellationTokenSource pendingRequestsCts, CancellationToken originalCancellationToken)
[2026-06-13 07:46:05Z ERR  BrokerServer] #####################################################
[2026-06-13 07:46:05Z ERR  BrokerServer] System.IO.IOException: Unable to read data from the transport connection: The I/O operation has been aborted because of either a thread exit or an application request..
 ---> System.Net.Sockets.SocketException (995): The I/O operation has been aborted because of either a thread exit or an application request.
   --- End of inner exception stack trace ---
   at System.Net.Sockets.Socket.AwaitableSocketAsyncEventArgs.ThrowException(SocketError error, CancellationToken cancellationToken)
   at System.Net.Sockets.Socket.AwaitableSocketAsyncEventArgs.System.Threading.Tasks.Sources.IValueTaskSource<System.Int32>.GetResult(Int16 token)
   at System.Net.Security.SslStream.EnsureFullTlsFrameAsync[TIOAdapter](CancellationToken cancellationToken, Int32 estimatedSize)
   at System.Runtime.CompilerServices.PoolingAsyncValueTaskMethodBuilder`1.StateMachineBox`1.System.Threading.Tasks.Sources.IValueTaskSource<TResult>.GetResult(Int16 token)
   at System.Net.Security.SslStream.ReadAsyncInternal[TIOAdapter](Memory`1 buffer, CancellationToken cancellationToken)
   at System.Runtime.CompilerServices.PoolingAsyncValueTaskMethodBuilder`1.StateMachineBox`1.System.Threading.Tasks.Sources.IValueTaskSource<TResult>.GetResult(Int16 token)
   at System.Net.Http.HttpConnection.SendAsync(HttpRequestMessage request, Boolean async, CancellationToken cancellationToken)
[2026-06-13 07:46:05Z ERR  BrokerServer] #####################################################
[2026-06-13 07:46:05Z ERR  BrokerServer] System.Net.Sockets.SocketException (995): The I/O operation has been aborted because of either a thread exit or an application request.
[2026-06-13 07:46:05Z WARN BrokerServer] Back off 13.346 seconds before next retry. 4 attempt left.
[2026-06-13 07:46:05Z INFO BrokerMessageListener] Get messages has been cancelled using local token source. Continue to get messages with new status.
[2026-06-13 07:47:15Z INFO Terminal] WRITE LINE: Exiting...
[2026-06-13 07:47:15Z INFO ConfigurationStore] IsServiceConfigured()
[2026-06-13 07:47:15Z INFO ConfigurationStore] IsServiceConfigured: False
[2026-06-13 07:47:15Z INFO HostContext] Runner will be shutdown for UserCancelled
[2026-06-13 07:47:15Z WARN GitHubActionsService] GET request to https://broker.actions.githubusercontent.com/message?sessionId=f713cd36-aeee-4d57-b675-a8db48bda94d&status=Online&runnerVersion=2.335.1&os=Windows&architecture=X64&disableUpdate=false has been cancelled.
[2026-06-13 07:47:15Z ERR  BrokerServer] Catch exception during request
[2026-06-13 07:47:15Z ERR  BrokerServer] System.Threading.Tasks.TaskCanceledException: The operation was canceled.
 ---> System.Threading.Tasks.TaskCanceledException: The operation was canceled.
 ---> System.IO.IOException: Unable to read data from the transport connection: The I/O operation has been aborted because of either a thread exit or an application request..
 ---> System.Net.Sockets.SocketException (995): The I/O operation has been aborted because of either a thread exit or an application request.
   --- End of inner exception stack trace ---
   at System.Net.Sockets.Socket.AwaitableSocketAsyncEventArgs.ThrowException(SocketError error, CancellationToken cancellationToken)
   at System.Net.Sockets.Socket.AwaitableSocketAsyncEventArgs.System.Threading.Tasks.Sources.IValueTaskSource<System.Int32>.GetResult(Int16 token)
   at System.Net.Security.SslStream.EnsureFullTlsFrameAsync[TIOAdapter](CancellationToken cancellationToken, Int32 estimatedSize)
   at System.Runtime.CompilerServices.PoolingAsyncValueTaskMethodBuilder`1.StateMachineBox`1.System.Threading.Tasks.Sources.IValueTaskSource<TResult>.GetResult(Int16 token)
   at System.Net.Security.SslStream.ReadAsyncInternal[TIOAdapter](Memory`1 buffer, CancellationToken cancellationToken)
   at System.Runtime.CompilerServices.PoolingAsyncValueTaskMethodBuilder`1.StateMachineBox`1.System.Threading.Tasks.Sources.IValueTaskSource<TResult>.GetResult(Int16 token)
   at System.Net.Http.HttpConnection.SendAsync(HttpRequestMessage request, Boolean async, CancellationToken cancellationToken)
   --- End of inner exception stack trace ---
   at System.Net.Http.HttpConnection.SendAsync(HttpRequestMessage request, Boolean async, CancellationToken cancellationToken)
   at System.Net.Http.AuthenticationHelper.SendWithNtAuthAsync(HttpRequestMessage request, Uri authUri, Boolean async, ICredentials credentials, Boolean isProxyAuth, HttpConnection connection, HttpConnectionPool connectionPool, CancellationToken cancellationToken)
   at System.Net.Http.HttpConnectionPool.SendWithVersionDetectionAndRetryAsync(HttpRequestMessage request, Boolean async, Boolean doRequestAuth, CancellationToken cancellationToken)
   at System.Net.Http.AuthenticationHelper.SendWithAuthAsync(HttpRequestMessage request, Uri authUri, Boolean async, ICredentials credentials, Boolean preAuthenticate, Boolean isProxyAuth, Boolean doRequestAuth, HttpConnectionPool pool, CancellationToken cancellationToken)
   at System.Net.Http.RedirectHandler.SendAsync(HttpRequestMessage request, Boolean async, CancellationToken cancellationToken)
   at GitHub.Services.Common.RawHttpMessageHandler.SendAsync(HttpRequestMessage request, CancellationToken cancellationToken)
   at GitHub.Services.Common.VssHttpRetryMessageHandler.SendAsync(HttpRequestMessage request, CancellationToken cancellationToken)
   at System.Net.Http.HttpClient.<SendAsync>g__Core|83_0(HttpRequestMessage request, HttpCompletionOption completionOption, CancellationTokenSource cts, Boolean disposeCts, CancellationTokenSource pendingRequestsCts, CancellationToken originalCancellationToken)
   --- End of inner exception stack trace ---
   at System.Net.Http.HttpClient.HandleFailure(Exception e, Boolean telemetryStarted, HttpResponseMessage response, CancellationTokenSource cts, CancellationToken cancellationToken, CancellationTokenSource pendingRequestsCts)
   at System.Net.Http.HttpClient.<SendAsync>g__Core|83_0(HttpRequestMessage request, HttpCompletionOption completionOption, CancellationTokenSource cts, Boolean disposeCts, CancellationTokenSource pendingRequestsCts, CancellationToken originalCancellationToken)
   at Sdk.WebApi.WebApi.RawHttpClientBase.SendAsync(HttpRequestMessage message, HttpCompletionOption completionOption, Object userState, CancellationToken cancellationToken)
   at Sdk.WebApi.WebApi.RawHttpClientBase.SendAsync[T](HttpRequestMessage message, Boolean readErrorBody, Object userState, CancellationToken cancellationToken)
   at Sdk.WebApi.WebApi.RawHttpClientBase.SendAsync[T](HttpMethod method, IEnumerable`1 additionalHeaders, Uri requestUri, HttpContent content, IEnumerable`1 queryParameters, Boolean readErrorBody, Object userState, CancellationToken cancellationToken)
   at GitHub.Actions.RunService.WebApi.BrokerHttpClient.GetRunnerMessageAsync(Nullable`1 sessionId, String runnerVersion, Nullable`1 status, String os, String architecture, Nullable`1 disableUpdate, CancellationToken cancellationToken)
   at GitHub.Runner.Common.BrokerServer.<>c__DisplayClass7_0.<<GetRunnerMessageAsync>b__0>d.MoveNext()
--- End of stack trace from previous location ---
   at GitHub.Runner.Common.RunnerService.RetryRequest[T](Func`1 func, CancellationToken cancellationToken, Int32 maxAttempts, Func`2 shouldRetry)
[2026-06-13 07:47:15Z ERR  BrokerServer] #####################################################
[2026-06-13 07:47:15Z ERR  BrokerServer] System.Threading.Tasks.TaskCanceledException: The operation was canceled.
 ---> System.IO.IOException: Unable to read data from the transport connection: The I/O operation has been aborted because of either a thread exit or an application request..
 ---> System.Net.Sockets.SocketException (995): The I/O operation has been aborted because of either a thread exit or an application request.
   --- End of inner exception stack trace ---
   at System.Net.Sockets.Socket.AwaitableSocketAsyncEventArgs.ThrowException(SocketError error, CancellationToken cancellationToken)
   at System.Net.Sockets.Socket.AwaitableSocketAsyncEventArgs.System.Threading.Tasks.Sources.IValueTaskSource<System.Int32>.GetResult(Int16 token)
   at System.Net.Security.SslStream.EnsureFullTlsFrameAsync[TIOAdapter](CancellationToken cancellationToken, Int32 estimatedSize)
   at System.Runtime.CompilerServices.PoolingAsyncValueTaskMethodBuilder`1.StateMachineBox`1.System.Threading.Tasks.Sources.IValueTaskSource<TResult>.GetResult(Int16 token)
   at System.Net.Security.SslStream.ReadAsyncInternal[TIOAdapter](Memory`1 buffer, CancellationToken cancellationToken)
   at System.Runtime.CompilerServices.PoolingAsyncValueTaskMethodBuilder`1.StateMachineBox`1.System.Threading.Tasks.Sources.IValueTaskSource<TResult>.GetResult(Int16 token)
   at System.Net.Http.HttpConnection.SendAsync(HttpRequestMessage request, Boolean async, CancellationToken cancellationToken)
   --- End of inner exception stack trace ---
   at System.Net.Http.HttpConnection.SendAsync(HttpRequestMessage request, Boolean async, CancellationToken cancellationToken)
   at System.Net.Http.AuthenticationHelper.SendWithNtAuthAsync(HttpRequestMessage request, Uri authUri, Boolean async, ICredentials credentials, Boolean isProxyAuth, HttpConnection connection, HttpConnectionPool connectionPool, CancellationToken cancellationToken)
   at System.Net.Http.HttpConnectionPool.SendWithVersionDetectionAndRetryAsync(HttpRequestMessage request, Boolean async, Boolean doRequestAuth, CancellationToken cancellationToken)
   at System.Net.Http.AuthenticationHelper.SendWithAuthAsync(HttpRequestMessage request, Uri authUri, Boolean async, ICredentials credentials, Boolean preAuthenticate, Boolean isProxyAuth, Boolean doRequestAuth, HttpConnectionPool pool, CancellationToken cancellationToken)
   at System.Net.Http.RedirectHandler.SendAsync(HttpRequestMessage request, Boolean async, CancellationToken cancellationToken)
   at GitHub.Services.Common.RawHttpMessageHandler.SendAsync(HttpRequestMessage request, CancellationToken cancellationToken)
   at GitHub.Services.Common.VssHttpRetryMessageHandler.SendAsync(HttpRequestMessage request, CancellationToken cancellationToken)
   at System.Net.Http.HttpClient.<SendAsync>g__Core|83_0(HttpRequestMessage request, HttpCompletionOption completionOption, CancellationTokenSource cts, Boolean disposeCts, CancellationTokenSource pendingRequestsCts, CancellationToken originalCancellationToken)
[2026-06-13 07:47:15Z ERR  BrokerServer] #####################################################
[2026-06-13 07:47:15Z ERR  BrokerServer] System.IO.IOException: Unable to read data from the transport connection: The I/O operation has been aborted because of either a thread exit or an application request..
 ---> System.Net.Sockets.SocketException (995): The I/O operation has been aborted because of either a thread exit or an application request.
   --- End of inner exception stack trace ---
   at System.Net.Sockets.Socket.AwaitableSocketAsyncEventArgs.ThrowException(SocketError error, CancellationToken cancellationToken)
   at System.Net.Sockets.Socket.AwaitableSocketAsyncEventArgs.System.Threading.Tasks.Sources.IValueTaskSource<System.Int32>.GetResult(Int16 token)
   at System.Net.Security.SslStream.EnsureFullTlsFrameAsync[TIOAdapter](CancellationToken cancellationToken, Int32 estimatedSize)
   at System.Runtime.CompilerServices.PoolingAsyncValueTaskMethodBuilder`1.StateMachineBox`1.System.Threading.Tasks.Sources.IValueTaskSource<TResult>.GetResult(Int16 token)
   at System.Net.Security.SslStream.ReadAsyncInternal[TIOAdapter](Memory`1 buffer, CancellationToken cancellationToken)
   at System.Runtime.CompilerServices.PoolingAsyncValueTaskMethodBuilder`1.StateMachineBox`1.System.Threading.Tasks.Sources.IValueTaskSource<TResult>.GetResult(Int16 token)
   at System.Net.Http.HttpConnection.SendAsync(HttpRequestMessage request, Boolean async, CancellationToken cancellationToken)
[2026-06-13 07:47:15Z ERR  BrokerServer] #####################################################
[2026-06-13 07:47:15Z ERR  BrokerServer] System.Net.Sockets.SocketException (995): The I/O operation has been aborted because of either a thread exit or an application request.
[2026-06-13 07:47:15Z WARN BrokerServer] Back off 6.636 seconds before next retry. 4 attempt left.
[2026-06-13 07:47:15Z INFO BrokerMessageListener] Get next message has been cancelled.
[2026-06-13 07:47:15Z INFO JobDispatcher] Shutting down JobDispatcher. Make sure all WorkerDispatcher has finished.
[2026-06-13 07:47:15Z INFO JobDispatcher] Ensure WorkerDispatcher for job d39e9fe4-14db-5b79-b1ae-42242db8ab16 run to finish, cancel any running job.
[2026-06-13 07:47:15Z INFO JobDispatcher] Job request d39e9fe4-14db-5b79-b1ae-42242db8ab16 processed succeed.
[2026-06-13 07:47:15Z INFO Runner] Deleting Runner Session...
[2026-06-13 07:47:16Z INFO Listener] Runner execution been cancelled.
