[2026-06-13 07:47:53Z INFO HostContext] No proxy settings were found based on environmental variables (http_proxy/https_proxy/HTTP_PROXY/HTTPS_PROXY)
[2026-06-13 07:47:53Z INFO HostContext] Well known directory 'Bin': 'D:\Docker\actions-runner\bin'
[2026-06-13 07:47:53Z INFO HostContext] Well known directory 'Root': 'D:\Docker\actions-runner'
[2026-06-13 07:47:53Z INFO HostContext] Well known config file 'Credentials': 'D:\Docker\actions-runner\.credentials'
[2026-06-13 07:47:53Z INFO HostContext] Well known directory 'Bin': 'D:\Docker\actions-runner\bin'
[2026-06-13 07:47:53Z INFO HostContext] Well known directory 'Root': 'D:\Docker\actions-runner'
[2026-06-13 07:47:53Z INFO HostContext] Well known config file 'Runner': 'D:\Docker\actions-runner\.runner'
[2026-06-13 07:47:53Z INFO Listener] Runner is built for Windows (X64) - win-x64.
[2026-06-13 07:47:53Z INFO Listener] RuntimeInformation: Microsoft Windows 10.0.26200.
[2026-06-13 07:47:53Z INFO Listener] Version: 2.335.1
[2026-06-13 07:47:53Z INFO Listener] Commit: 7d737449ef346f6524f75688d0c9c95fa10ba10a
[2026-06-13 07:47:53Z INFO Listener] Culture: en-US
[2026-06-13 07:47:53Z INFO Listener] UI Culture: en-US
[2026-06-13 07:47:53Z INFO HostContext] Well known directory 'Bin': 'D:\Docker\actions-runner\bin'
[2026-06-13 07:47:53Z INFO HostContext] Well known directory 'Root': 'D:\Docker\actions-runner'
[2026-06-13 07:47:53Z INFO Listener] Validating directory permissions for: 'D:\Docker\actions-runner'
[2026-06-13 07:47:53Z INFO CommandLineParser] Parse
[2026-06-13 07:47:53Z INFO CommandLineParser] Parsing 1 args
[2026-06-13 07:47:53Z INFO CommandLineParser] parsing argument
[2026-06-13 07:47:53Z INFO CommandLineParser] HasArgs: False
[2026-06-13 07:47:53Z INFO CommandLineParser] Adding Command: run
[2026-06-13 07:47:53Z INFO Listener] Arguments parsed
[2026-06-13 07:47:53Z INFO Runner] ExecuteCommand
[2026-06-13 07:47:53Z INFO ConfigurationStore] currentAssemblyLocation: D:\Docker\actions-runner\bin\Runner.Listener.dll
[2026-06-13 07:47:53Z INFO HostContext] Well known directory 'Bin': 'D:\Docker\actions-runner\bin'
[2026-06-13 07:47:53Z INFO ConfigurationStore] binPath: D:\Docker\actions-runner\bin
[2026-06-13 07:47:53Z INFO HostContext] Well known directory 'Bin': 'D:\Docker\actions-runner\bin'
[2026-06-13 07:47:53Z INFO HostContext] Well known directory 'Root': 'D:\Docker\actions-runner'
[2026-06-13 07:47:53Z INFO ConfigurationStore] RootFolder: D:\Docker\actions-runner
[2026-06-13 07:47:53Z INFO HostContext] Well known directory 'Bin': 'D:\Docker\actions-runner\bin'
[2026-06-13 07:47:53Z INFO HostContext] Well known directory 'Root': 'D:\Docker\actions-runner'
[2026-06-13 07:47:53Z INFO HostContext] Well known config file 'Runner': 'D:\Docker\actions-runner\.runner'
[2026-06-13 07:47:53Z INFO ConfigurationStore] ConfigFilePath: D:\Docker\actions-runner\.runner
[2026-06-13 07:47:53Z INFO HostContext] Well known directory 'Bin': 'D:\Docker\actions-runner\bin'
[2026-06-13 07:47:53Z INFO HostContext] Well known directory 'Root': 'D:\Docker\actions-runner'
[2026-06-13 07:47:53Z INFO HostContext] Well known config file 'MigratedRunner': 'D:\Docker\actions-runner\.runner_migrated'
[2026-06-13 07:47:53Z INFO ConfigurationStore] MigratedConfigFilePath: D:\Docker\actions-runner\.runner_migrated
[2026-06-13 07:47:53Z INFO HostContext] Well known directory 'Bin': 'D:\Docker\actions-runner\bin'
[2026-06-13 07:47:53Z INFO HostContext] Well known directory 'Root': 'D:\Docker\actions-runner'
[2026-06-13 07:47:53Z INFO HostContext] Well known config file 'Credentials': 'D:\Docker\actions-runner\.credentials'
[2026-06-13 07:47:53Z INFO ConfigurationStore] CredFilePath: D:\Docker\actions-runner\.credentials
[2026-06-13 07:47:53Z INFO HostContext] Well known directory 'Bin': 'D:\Docker\actions-runner\bin'
[2026-06-13 07:47:53Z INFO HostContext] Well known directory 'Root': 'D:\Docker\actions-runner'
[2026-06-13 07:47:53Z INFO HostContext] Well known config file 'MigratedCredentials': 'D:\Docker\actions-runner\.credentials_migrated'
[2026-06-13 07:47:53Z INFO ConfigurationStore] MigratedCredFilePath: D:\Docker\actions-runner\.credentials_migrated
[2026-06-13 07:47:53Z INFO HostContext] Well known directory 'Bin': 'D:\Docker\actions-runner\bin'
[2026-06-13 07:47:53Z INFO HostContext] Well known directory 'Root': 'D:\Docker\actions-runner'
[2026-06-13 07:47:53Z INFO HostContext] Well known config file 'Service': 'D:\Docker\actions-runner\.service'
[2026-06-13 07:47:53Z INFO ConfigurationStore] ServiceConfigFilePath: D:\Docker\actions-runner\.service
[2026-06-13 07:47:53Z INFO CommandSettings] Flag 'help': 'False'
[2026-06-13 07:47:53Z INFO CommandSettings] Flag 'version': 'False'
[2026-06-13 07:47:53Z INFO CommandSettings] Flag 'commit': 'False'
[2026-06-13 07:47:53Z INFO CommandSettings] Flag 'check': 'False'
[2026-06-13 07:47:53Z INFO CommandSettings] Command 'configure': 'False'
[2026-06-13 07:47:53Z INFO CommandSettings] Command 'remove': 'False'
[2026-06-13 07:47:53Z INFO CommandSettings] Command 'warmup': 'False'
[2026-06-13 07:47:53Z INFO ConfigurationManager] LoadSettings
[2026-06-13 07:47:53Z INFO ConfigurationStore] IsConfigured()
[2026-06-13 07:47:53Z INFO ConfigurationStore] IsConfigured: True
[2026-06-13 07:47:53Z INFO ConfigurationManager] Is configured: True
[2026-06-13 07:47:53Z INFO ConfigurationStore] Read setting file: 417 chars
[2026-06-13 07:47:53Z INFO ConfigurationManager] Settings Loaded
[2026-06-13 07:47:53Z INFO ConfigurationStore] IsServiceConfigured()
[2026-06-13 07:47:53Z INFO ConfigurationStore] IsServiceConfigured: False
[2026-06-13 07:47:53Z INFO CommandSettings] Command 'run': 'True'
[2026-06-13 07:47:53Z INFO ConfigurationStore] IsConfigured()
[2026-06-13 07:47:53Z INFO ConfigurationStore] IsConfigured: True
[2026-06-13 07:47:53Z INFO ConfigurationManager] Is configured: True
[2026-06-13 07:47:53Z INFO Runner] Could not parse the argument value '' for StartupType. Defaulting to Manual
[2026-06-13 07:47:53Z INFO Runner] Set runner startup type - Manual
[2026-06-13 07:47:53Z INFO CommandSettings] Flag 'once': 'False'
[2026-06-13 07:47:53Z INFO CommandSettings] Flag 'once': 'False'
[2026-06-13 07:47:53Z INFO Runner] RunAsync
[2026-06-13 07:47:53Z INFO HostContext] Well known directory 'Bin': 'D:\Docker\actions-runner\bin'
[2026-06-13 07:47:53Z INFO HostContext] Well known directory 'Root': 'D:\Docker\actions-runner'
[2026-06-13 07:47:53Z INFO HostContext] Well known directory 'Work': 'D:\Docker\actions-runner\_work'
[2026-06-13 07:47:53Z INFO Runner] Validating directory permissions for: 'D:\Docker\actions-runner\_work'
[2026-06-13 07:47:53Z INFO ConfigurationManager] LoadMigratedSettings
[2026-06-13 07:47:53Z INFO ConfigurationStore] IsMigratedConfigured()
[2026-06-13 07:47:53Z INFO ConfigurationStore] IsMigratedConfigured: False
[2026-06-13 07:47:53Z INFO Runner] Failed to load migrated settings: No migrated configuration found.
[2026-06-13 07:47:53Z INFO Runner] Falling back to original .runner settings
[2026-06-13 07:47:53Z INFO Runner] Using BrokerMessageListener
[2026-06-13 07:47:53Z INFO BrokerMessageListener] Using provided settings
[2026-06-13 07:47:53Z INFO BrokerMessageListener] {
  "AgentId": 2,
  "AgentName": "BHARATH",
  "PoolId": 1,
  "PoolName": "Default",
  "ServerUrl": "https://pipelinesghubeus9.actions.githubusercontent.com/pO2Kfuaw990lFFKM1HLGu2nECRmOXlR6O4HndQ3ElYcmiGSwrP/",
  "GitHubUrl": "https://github.com/BharathMalayalam/CI-CD-Project-using-Git-Action",
  "WorkFolder": "_work",
  "UseV2Flow": true,
  "ServerUrlV2": "https://broker.actions.githubusercontent.com/"
}
[2026-06-13 07:47:53Z INFO BrokerMessageListener] Loading Credentials
[2026-06-13 07:47:53Z INFO ConfigurationStore] HasCredentials()
[2026-06-13 07:47:53Z INFO ConfigurationStore] stored True
[2026-06-13 07:47:53Z INFO CredentialManager] GetCredentialProvider
[2026-06-13 07:47:53Z INFO CredentialManager] Creating type OAuth
[2026-06-13 07:47:53Z INFO CredentialManager] Creating credential type: OAuth
[2026-06-13 07:47:53Z INFO HostContext] Well known directory 'Bin': 'D:\Docker\actions-runner\bin'
[2026-06-13 07:47:53Z INFO HostContext] Well known directory 'Root': 'D:\Docker\actions-runner'
[2026-06-13 07:47:53Z INFO HostContext] Well known config file 'RSACredentials': 'D:\Docker\actions-runner\.credentials_rsaparams'
[2026-06-13 07:47:53Z INFO RSAEncryptedFileKeyManager] Loading RSA key parameters from file D:\Docker\actions-runner\.credentials_rsaparams
[2026-06-13 07:47:53Z INFO BrokerMessageListener] Attempt to create session.
[2026-06-13 07:47:53Z INFO BrokerMessageListener] Connecting to the Broker Server...
[2026-06-13 07:47:53Z INFO ConfigurationStore] HasCredentials()
[2026-06-13 07:47:53Z INFO ConfigurationStore] stored True
[2026-06-13 07:47:53Z INFO CredentialManager] GetCredentialProvider
[2026-06-13 07:47:53Z INFO CredentialManager] Creating type OAuth
[2026-06-13 07:47:53Z INFO CredentialManager] Creating credential type: OAuth
[2026-06-13 07:47:53Z INFO RSAEncryptedFileKeyManager] Loading RSA key parameters from file D:\Docker\actions-runner\.credentials_rsaparams
[2026-06-13 07:47:54Z INFO BrokerMessageListener] VssConnection created
[2026-06-13 07:47:54Z INFO BrokerMessageListener] Connecting to the Runner server...
[2026-06-13 07:47:54Z INFO RunnerServer] EstablishVssConnection
[2026-06-13 07:47:54Z INFO RunnerServer] Establish connection with 100 seconds timeout.
[2026-06-13 07:47:54Z INFO GitHubActionsService] Starting operation Location.GetConnectionData
[2026-06-13 07:47:54Z INFO RunnerServer] EstablishVssConnection
[2026-06-13 07:47:54Z INFO RunnerServer] Establish connection with 60 seconds timeout.
[2026-06-13 07:47:54Z INFO GitHubActionsService] Starting operation Location.GetConnectionData
[2026-06-13 07:47:54Z INFO RunnerServer] EstablishVssConnection
[2026-06-13 07:47:54Z INFO RunnerServer] Establish connection with 60 seconds timeout.
[2026-06-13 07:47:54Z INFO GitHubActionsService] Starting operation Location.GetConnectionData
[2026-06-13 07:47:56Z INFO GitHubActionsService] Finished operation Location.GetConnectionData
[2026-06-13 07:47:56Z INFO GitHubActionsService] Finished operation Location.GetConnectionData
[2026-06-13 07:47:56Z INFO GitHubActionsService] Finished operation Location.GetConnectionData
[2026-06-13 07:47:56Z INFO BrokerMessageListener] VssConnection created
[2026-06-13 07:47:56Z INFO Terminal] WRITE LINE: 
[2026-06-13 07:47:56Z INFO Terminal] WRITE LINE: 
[2026-06-13 07:47:56Z INFO RSAEncryptedFileKeyManager] Loading RSA key parameters from file D:\Docker\actions-runner\.credentials_rsaparams
[2026-06-13 07:47:56Z INFO RSAEncryptedFileKeyManager] Loading RSA key parameters from file D:\Docker\actions-runner\.credentials_rsaparams
[2026-06-13 07:47:58Z INFO GitHubActionsService] AAD Correlation ID for this token request: Unknown
[2026-06-13 07:47:59Z INFO BrokerMessageListener] Session created.
[2026-06-13 07:47:59Z INFO Terminal] WRITE LINE: Current runner version: '2.335.1'
[2026-06-13 07:47:59Z INFO Terminal] WRITE LINE: 2026-06-13 07:47:59Z: Listening for Jobs
[2026-06-13 07:47:59Z INFO JobDispatcher] Set runner/worker IPC timeout to 30 seconds.
[2026-06-13 07:48:23Z INFO BrokerMessageListener] Acknowledging runner request 'f5b2f22d-74f0-5609-978d-d969bae6ff70'.
[2026-06-13 07:48:23Z INFO ConfigurationStore] HasCredentials()
[2026-06-13 07:48:23Z INFO ConfigurationStore] stored True
[2026-06-13 07:48:23Z INFO CredentialManager] GetCredentialProvider
[2026-06-13 07:48:23Z INFO CredentialManager] Creating type OAuth
[2026-06-13 07:48:23Z INFO CredentialManager] Creating credential type: OAuth
[2026-06-13 07:48:23Z INFO RSAEncryptedFileKeyManager] Loading RSA key parameters from file D:\Docker\actions-runner\.credentials_rsaparams
[2026-06-13 07:48:23Z INFO RSAEncryptedFileKeyManager] Loading RSA key parameters from file D:\Docker\actions-runner\.credentials_rsaparams
[2026-06-13 07:48:23Z INFO RSAEncryptedFileKeyManager] Loading RSA key parameters from file D:\Docker\actions-runner\.credentials_rsaparams
[2026-06-13 07:48:25Z INFO GitHubActionsService] AAD Correlation ID for this token request: Unknown
[2026-06-13 07:48:27Z INFO JobDispatcher] Job request 0 for plan 64990e54-01c0-4fef-a5d4-75d79ee53994 job f5b2f22d-74f0-5609-978d-d969bae6ff70 received.
[2026-06-13 07:48:27Z INFO JobDispatcher] Pull OrchestrationId 64990e54-01c0-4fef-a5d4-75d79ee53994.deploy.__default from JWT claims
[2026-06-13 07:48:27Z INFO BrokerMessageListener] Received job status event. JobState: Busy
[2026-06-13 07:48:27Z INFO BrokerMessageListener] _getMessagesTokenSource is already disposed.
[2026-06-13 07:48:27Z INFO Terminal] WRITE LINE: 2026-06-13 07:48:27Z: Running job: deploy
[2026-06-13 07:48:27Z INFO JobDispatcher] Start renew job request 0 for job f5b2f22d-74f0-5609-978d-d969bae6ff70.
[2026-06-13 07:48:28Z INFO JobDispatcher] Successfully renew job f5b2f22d-74f0-5609-978d-d969bae6ff70, job is valid till 6/13/2026 7:58:21 AM
[2026-06-13 07:48:28Z INFO HostContext] Well known directory 'Bin': 'D:\Docker\actions-runner\bin'
[2026-06-13 07:48:28Z INFO ProcessInvokerWrapper] Starting process:
[2026-06-13 07:48:28Z INFO ProcessInvokerWrapper]   File name: 'D:\Docker\actions-runner\bin\Runner.Worker.exe'
[2026-06-13 07:48:28Z INFO ProcessInvokerWrapper]   Arguments: 'spawnclient 1284 1188'
[2026-06-13 07:48:28Z INFO ProcessInvokerWrapper]   Working directory: 'D:\Docker\actions-runner\bin'
[2026-06-13 07:48:28Z INFO ProcessInvokerWrapper]   Require exit code zero: 'False'
[2026-06-13 07:48:28Z INFO ProcessInvokerWrapper]   Encoding web name:  ; code page: ''
[2026-06-13 07:48:28Z INFO ProcessInvokerWrapper]   Force kill process on cancellation: 'True'
[2026-06-13 07:48:28Z INFO ProcessInvokerWrapper]   Redirected STDIN: 'False'
[2026-06-13 07:48:28Z INFO ProcessInvokerWrapper]   Persist current code page: 'False'
[2026-06-13 07:48:28Z INFO ProcessInvokerWrapper]   Keep redirected STDIN open: 'False'
[2026-06-13 07:48:28Z INFO ProcessInvokerWrapper]   High priority process: 'True'
[2026-06-13 07:48:28Z INFO ProcessInvokerWrapper] Process started with process id 3048, waiting for process exit.
[2026-06-13 07:48:28Z INFO JobDispatcher] Send job request message to worker for job f5b2f22d-74f0-5609-978d-d969bae6ff70.
[2026-06-13 07:48:28Z INFO ProcessChannel] Sending message of length 24124, with hash '8ae6ca24e03ede4e3d3d4a81d2decbd5c6113849d25e395dccc1df81d61cafb5'
[2026-06-13 07:48:29Z INFO JobNotification] Entering JobStarted Notification
[2026-06-13 07:48:29Z INFO JobNotification] Entering StartMonitor
[2026-06-13 07:49:29Z INFO JobDispatcher] Successfully renew job f5b2f22d-74f0-5609-978d-d969bae6ff70, job is valid till 6/13/2026 7:59:22 AM
[2026-06-13 07:50:29Z INFO JobDispatcher] Successfully renew job f5b2f22d-74f0-5609-978d-d969bae6ff70, job is valid till 6/13/2026 8:00:23 AM
[2026-06-13 07:51:30Z INFO JobDispatcher] Successfully renew job f5b2f22d-74f0-5609-978d-d969bae6ff70, job is valid till 6/13/2026 8:01:23 AM
[2026-06-13 07:52:30Z INFO ProcessInvokerWrapper] STDOUT/STDERR stream read finished.
[2026-06-13 07:52:30Z INFO ProcessInvokerWrapper] STDOUT/STDERR stream read finished.
[2026-06-13 07:52:30Z INFO ProcessInvokerWrapper] Finished process 3048 with exit code 102, and elapsed time 00:04:01.8715599.
[2026-06-13 07:52:30Z INFO JobDispatcher] Worker finished for job f5b2f22d-74f0-5609-978d-d969bae6ff70. Code: 102
[2026-06-13 07:52:30Z INFO JobDispatcher] finish job request for job f5b2f22d-74f0-5609-978d-d969bae6ff70 with result: Failed
[2026-06-13 07:52:30Z INFO Terminal] WRITE LINE: 2026-06-13 07:52:30Z: Job deploy completed with result: Failed
[2026-06-13 07:52:30Z INFO JobDispatcher] Stop renew job request for job f5b2f22d-74f0-5609-978d-d969bae6ff70.
[2026-06-13 07:52:30Z WARN GitHubActionsService] POST request to https://run-actions-1-azure-eastus.actions.githubusercontent.com/183/renewjob has been cancelled.
[2026-06-13 07:52:30Z ERR  RunServer] Catch exception during request
[2026-06-13 07:52:30Z ERR  RunServer] System.Threading.Tasks.TaskCanceledException: The operation was canceled.
 ---> System.Threading.Tasks.TaskCanceledException: The operation was canceled.
 ---> System.IO.IOException: Unable to read data from the transport connection: The I/O operation has been aborted because of either a thread exit or an application request..
 ---> System.Net.Sockets.SocketException (995): The I/O operation has been aborted because of either a thread exit or an application request.
   --- End of inner exception stack trace ---
   at System.Net.Sockets.Socket.AwaitableSocketAsyncEventArgs.ThrowException(SocketError error, CancellationToken cancellationToken)
   at System.Net.Sockets.Socket.AwaitableSocketAsyncEventArgs.System.Threading.Tasks.Sources.IValueTaskSource<System.Int32>.GetResult(Int16 token)
   at System.Net.Security.SslStream.EnsureFullTlsFrameAsync[TIOAdapter](CancellationToken cancellationToken, Int32 estimatedSize)
   at System.Runtime.CompilerServices.PoolingAsyncValueTaskMethodBuilder`1.StateMachineBox`1.System.Threading.Tasks.Sources.IValueTaskSource<TResult>.GetResult(Int16 token)
   at System.Net.Security.SslStream.ReadAsyncInternal[TIOAdapter](Memory`1 buffer, CancellationToken cancellationToken)
   at System.Runtime.CompilerServices.PoolingAsyncValueTaskMethodBuilder`1.StateMachineBox`1.System.Threading.Tasks.Sources.IValueTaskSource<TResult>.GetResult(Int16 token)
   at System.Net.Http.HttpConnection.<EnsureReadAheadTaskHasStarted>g__ReadAheadWithZeroByteReadAsync|40_0()
   at System.Net.Http.HttpConnection.SendAsync(HttpRequestMessage request, Boolean async, CancellationToken cancellationToken)
   --- End of inner exception stack trace ---
   at System.Net.Http.HttpConnection.SendAsync(HttpRequestMessage request, Boolean async, CancellationToken cancellationToken)
   at System.Net.Http.AuthenticationHelper.SendWithNtAuthAsync(HttpRequestMessage request, Uri authUri, Boolean async, ICredentials credentials, Boolean isProxyAuth, HttpConnection connection, HttpConnectionPool connectionPool, CancellationToken cancellationToken)
   at System.Net.Http.HttpConnectionPool.SendWithVersionDetectionAndRetryAsync(HttpRequestMessage request, Boolean async, Boolean doRequestAuth, CancellationToken cancellationToken)
   at System.Net.Http.AuthenticationHelper.SendWithAuthAsync(HttpRequestMessage request, Uri authUri, Boolean async, ICredentials credentials, Boolean preAuthenticate, Boolean isProxyAuth, Boolean doRequestAuth, HttpConnectionPool pool, CancellationToken cancellationToken)
   at System.Net.Http.RedirectHandler.SendAsync(HttpRequestMessage request, Boolean async, CancellationToken cancellationToken)
   at GitHub.Services.Common.RawHttpMessageHandler.SendAsync(HttpRequestMessage request, CancellationToken cancellationToken)
   at GitHub.Services.Common.VssHttpRetryMessageHandler.SendAsync(HttpRequestMessage request, CancellationToken cancellationToken)
   at System.Net.Http.HttpClient.<SendAsync>g__Core|83_0(HttpRequestMessage request, HttpCompletionOption completionOption, CancellationTokenSource cts, Boolean disposeCts, CancellationTokenSource pendingRequestsCts, CancellationToken originalCancellationToken)
   --- End of inner exception stack trace ---
   at System.Net.Http.HttpClient.HandleFailure(Exception e, Boolean telemetryStarted, HttpResponseMessage response, CancellationTokenSource cts, CancellationToken cancellationToken, CancellationTokenSource pendingRequestsCts)
   at System.Net.Http.HttpClient.<SendAsync>g__Core|83_0(HttpRequestMessage request, HttpCompletionOption completionOption, CancellationTokenSource cts, Boolean disposeCts, CancellationTokenSource pendingRequestsCts, CancellationToken originalCancellationToken)
   at Sdk.WebApi.WebApi.RawHttpClientBase.SendAsync(HttpRequestMessage message, HttpCompletionOption completionOption, Object userState, CancellationToken cancellationToken)
   at Sdk.WebApi.WebApi.RawHttpClientBase.SendAsync[T](HttpRequestMessage message, Boolean readErrorBody, Object userState, CancellationToken cancellationToken)
   at Sdk.WebApi.WebApi.RawHttpClientBase.SendAsync[T](HttpMethod method, IEnumerable`1 additionalHeaders, Uri requestUri, HttpContent content, IEnumerable`1 queryParameters, Boolean readErrorBody, Object userState, CancellationToken cancellationToken)
   at GitHub.Actions.RunService.WebApi.RunServiceHttpClient.RenewJobAsync(Uri requestUri, Guid planId, Guid jobId, CancellationToken cancellationToken)
   at GitHub.Runner.Common.RunServer.<>c__DisplayClass8_0.<<RenewJobAsync>b__0>d.MoveNext()
--- End of stack trace from previous location ---
   at GitHub.Runner.Common.RunnerService.RetryRequest[T](Func`1 func, CancellationToken cancellationToken, Int32 maxAttempts, Func`2 shouldRetry)
[2026-06-13 07:52:30Z ERR  RunServer] #####################################################
[2026-06-13 07:52:30Z ERR  RunServer] System.Threading.Tasks.TaskCanceledException: The operation was canceled.
 ---> System.IO.IOException: Unable to read data from the transport connection: The I/O operation has been aborted because of either a thread exit or an application request..
 ---> System.Net.Sockets.SocketException (995): The I/O operation has been aborted because of either a thread exit or an application request.
   --- End of inner exception stack trace ---
   at System.Net.Sockets.Socket.AwaitableSocketAsyncEventArgs.ThrowException(SocketError error, CancellationToken cancellationToken)
   at System.Net.Sockets.Socket.AwaitableSocketAsyncEventArgs.System.Threading.Tasks.Sources.IValueTaskSource<System.Int32>.GetResult(Int16 token)
   at System.Net.Security.SslStream.EnsureFullTlsFrameAsync[TIOAdapter](CancellationToken cancellationToken, Int32 estimatedSize)
   at System.Runtime.CompilerServices.PoolingAsyncValueTaskMethodBuilder`1.StateMachineBox`1.System.Threading.Tasks.Sources.IValueTaskSource<TResult>.GetResult(Int16 token)
   at System.Net.Security.SslStream.ReadAsyncInternal[TIOAdapter](Memory`1 buffer, CancellationToken cancellationToken)
   at System.Runtime.CompilerServices.PoolingAsyncValueTaskMethodBuilder`1.StateMachineBox`1.System.Threading.Tasks.Sources.IValueTaskSource<TResult>.GetResult(Int16 token)
   at System.Net.Http.HttpConnection.<EnsureReadAheadTaskHasStarted>g__ReadAheadWithZeroByteReadAsync|40_0()
   at System.Net.Http.HttpConnection.SendAsync(HttpRequestMessage request, Boolean async, CancellationToken cancellationToken)
   --- End of inner exception stack trace ---
   at System.Net.Http.HttpConnection.SendAsync(HttpRequestMessage request, Boolean async, CancellationToken cancellationToken)
   at System.Net.Http.AuthenticationHelper.SendWithNtAuthAsync(HttpRequestMessage request, Uri authUri, Boolean async, ICredentials credentials, Boolean isProxyAuth, HttpConnection connection, HttpConnectionPool connectionPool, CancellationToken cancellationToken)
   at System.Net.Http.HttpConnectionPool.SendWithVersionDetectionAndRetryAsync(HttpRequestMessage request, Boolean async, Boolean doRequestAuth, CancellationToken cancellationToken)
   at System.Net.Http.AuthenticationHelper.SendWithAuthAsync(HttpRequestMessage request, Uri authUri, Boolean async, ICredentials credentials, Boolean preAuthenticate, Boolean isProxyAuth, Boolean doRequestAuth, HttpConnectionPool pool, CancellationToken cancellationToken)
   at System.Net.Http.RedirectHandler.SendAsync(HttpRequestMessage request, Boolean async, CancellationToken cancellationToken)
   at GitHub.Services.Common.RawHttpMessageHandler.SendAsync(HttpRequestMessage request, CancellationToken cancellationToken)
   at GitHub.Services.Common.VssHttpRetryMessageHandler.SendAsync(HttpRequestMessage request, CancellationToken cancellationToken)
   at System.Net.Http.HttpClient.<SendAsync>g__Core|83_0(HttpRequestMessage request, HttpCompletionOption completionOption, CancellationTokenSource cts, Boolean disposeCts, CancellationTokenSource pendingRequestsCts, CancellationToken originalCancellationToken)
[2026-06-13 07:52:30Z ERR  RunServer] #####################################################
[2026-06-13 07:52:30Z ERR  RunServer] System.IO.IOException: Unable to read data from the transport connection: The I/O operation has been aborted because of either a thread exit or an application request..
 ---> System.Net.Sockets.SocketException (995): The I/O operation has been aborted because of either a thread exit or an application request.
   --- End of inner exception stack trace ---
   at System.Net.Sockets.Socket.AwaitableSocketAsyncEventArgs.ThrowException(SocketError error, CancellationToken cancellationToken)
   at System.Net.Sockets.Socket.AwaitableSocketAsyncEventArgs.System.Threading.Tasks.Sources.IValueTaskSource<System.Int32>.GetResult(Int16 token)
   at System.Net.Security.SslStream.EnsureFullTlsFrameAsync[TIOAdapter](CancellationToken cancellationToken, Int32 estimatedSize)
   at System.Runtime.CompilerServices.PoolingAsyncValueTaskMethodBuilder`1.StateMachineBox`1.System.Threading.Tasks.Sources.IValueTaskSource<TResult>.GetResult(Int16 token)
   at System.Net.Security.SslStream.ReadAsyncInternal[TIOAdapter](Memory`1 buffer, CancellationToken cancellationToken)
   at System.Runtime.CompilerServices.PoolingAsyncValueTaskMethodBuilder`1.StateMachineBox`1.System.Threading.Tasks.Sources.IValueTaskSource<TResult>.GetResult(Int16 token)
   at System.Net.Http.HttpConnection.<EnsureReadAheadTaskHasStarted>g__ReadAheadWithZeroByteReadAsync|40_0()
   at System.Net.Http.HttpConnection.SendAsync(HttpRequestMessage request, Boolean async, CancellationToken cancellationToken)
[2026-06-13 07:52:30Z ERR  RunServer] #####################################################
[2026-06-13 07:52:30Z ERR  RunServer] System.Net.Sockets.SocketException (995): The I/O operation has been aborted because of either a thread exit or an application request.
[2026-06-13 07:52:30Z WARN RunServer] Back off 10.245 seconds before next retry. 4 attempt left.
[2026-06-13 07:52:30Z INFO JobDispatcher] job renew has been cancelled, stop renew job f5b2f22d-74f0-5609-978d-d969bae6ff70.
[2026-06-13 07:52:30Z INFO JobNotification] Entering JobCompleted Notification
[2026-06-13 07:52:30Z INFO JobNotification] Entering EndMonitor
[2026-06-13 07:52:30Z INFO BrokerMessageListener] Received job status event. JobState: Online
[2026-06-13 07:52:30Z WARN GitHubActionsService] GET request to https://broker.actions.githubusercontent.com/message?sessionId=2e42c11a-2324-42c4-87cb-4a252230e21c&status=Busy&runnerVersion=2.335.1&os=Windows&architecture=X64&disableUpdate=false has been cancelled.
[2026-06-13 07:52:30Z ERR  BrokerServer] Catch exception during request
[2026-06-13 07:52:30Z ERR  BrokerServer] System.Threading.Tasks.TaskCanceledException: The operation was canceled.
 ---> System.Threading.Tasks.TaskCanceledException: The operation was canceled.
 ---> System.IO.IOException: Unable to read data from the transport connection: The I/O operation has been aborted because of either a thread exit or an application request..
 ---> System.Net.Sockets.SocketException (995): The I/O operation has been aborted because of either a thread exit or an application request.
   --- End of inner exception stack trace ---
   at System.Net.Sockets.Socket.AwaitableSocketAsyncEventArgs.ThrowException(SocketError error, CancellationToken cancellationToken)
   at System.Net.Sockets.Socket.AwaitableSocketAsyncEventArgs.System.Threading.Tasks.Sources.IValueTaskSource<System.Int32>.GetResult(Int16 token)
   at System.Net.Security.SslStream.EnsureFullTlsFrameAsync[TIOAdapter](CancellationToken cancellationToken, Int32 estimatedSize)
   at System.Runtime.CompilerServices.PoolingAsyncValueTaskMethodBuilder`1.StateMachineBox`1.System.Threading.Tasks.Sources.IValueTaskSource<TResult>.GetResult(Int16 token)
   at System.Net.Security.SslStream.ReadAsyncInternal[TIOAdapter](Memory`1 buffer, CancellationToken cancellationToken)
   at System.Runtime.CompilerServices.PoolingAsyncValueTaskMethodBuilder`1.StateMachineBox`1.System.Threading.Tasks.Sources.IValueTaskSource<TResult>.GetResult(Int16 token)
   at System.Net.Http.HttpConnection.SendAsync(HttpRequestMessage request, Boolean async, CancellationToken cancellationToken)
   --- End of inner exception stack trace ---
   at System.Net.Http.HttpConnection.SendAsync(HttpRequestMessage request, Boolean async, CancellationToken cancellationToken)
   at System.Net.Http.AuthenticationHelper.SendWithNtAuthAsync(HttpRequestMessage request, Uri authUri, Boolean async, ICredentials credentials, Boolean isProxyAuth, HttpConnection connection, HttpConnectionPool connectionPool, CancellationToken cancellationToken)
   at System.Net.Http.HttpConnectionPool.SendWithVersionDetectionAndRetryAsync(HttpRequestMessage request, Boolean async, Boolean doRequestAuth, CancellationToken cancellationToken)
   at System.Net.Http.AuthenticationHelper.SendWithAuthAsync(HttpRequestMessage request, Uri authUri, Boolean async, ICredentials credentials, Boolean preAuthenticate, Boolean isProxyAuth, Boolean doRequestAuth, HttpConnectionPool pool, CancellationToken cancellationToken)
   at System.Net.Http.RedirectHandler.SendAsync(HttpRequestMessage request, Boolean async, CancellationToken cancellationToken)
   at GitHub.Services.Common.RawHttpMessageHandler.SendAsync(HttpRequestMessage request, CancellationToken cancellationToken)
   at GitHub.Services.Common.VssHttpRetryMessageHandler.SendAsync(HttpRequestMessage request, CancellationToken cancellationToken)
   at System.Net.Http.HttpClient.<SendAsync>g__Core|83_0(HttpRequestMessage request, HttpCompletionOption completionOption, CancellationTokenSource cts, Boolean disposeCts, CancellationTokenSource pendingRequestsCts, CancellationToken originalCancellationToken)
   --- End of inner exception stack trace ---
   at System.Net.Http.HttpClient.HandleFailure(Exception e, Boolean telemetryStarted, HttpResponseMessage response, CancellationTokenSource cts, CancellationToken cancellationToken, CancellationTokenSource pendingRequestsCts)
   at System.Net.Http.HttpClient.<SendAsync>g__Core|83_0(HttpRequestMessage request, HttpCompletionOption completionOption, CancellationTokenSource cts, Boolean disposeCts, CancellationTokenSource pendingRequestsCts, CancellationToken originalCancellationToken)
   at Sdk.WebApi.WebApi.RawHttpClientBase.SendAsync(HttpRequestMessage message, HttpCompletionOption completionOption, Object userState, CancellationToken cancellationToken)
   at Sdk.WebApi.WebApi.RawHttpClientBase.SendAsync[T](HttpRequestMessage message, Boolean readErrorBody, Object userState, CancellationToken cancellationToken)
   at Sdk.WebApi.WebApi.RawHttpClientBase.SendAsync[T](HttpMethod method, IEnumerable`1 additionalHeaders, Uri requestUri, HttpContent content, IEnumerable`1 queryParameters, Boolean readErrorBody, Object userState, CancellationToken cancellationToken)
   at GitHub.Actions.RunService.WebApi.BrokerHttpClient.GetRunnerMessageAsync(Nullable`1 sessionId, String runnerVersion, Nullable`1 status, String os, String architecture, Nullable`1 disableUpdate, CancellationToken cancellationToken)
   at GitHub.Runner.Common.BrokerServer.<>c__DisplayClass7_0.<<GetRunnerMessageAsync>b__0>d.MoveNext()
--- End of stack trace from previous location ---
   at GitHub.Runner.Common.RunnerService.RetryRequest[T](Func`1 func, CancellationToken cancellationToken, Int32 maxAttempts, Func`2 shouldRetry)
[2026-06-13 07:52:30Z ERR  BrokerServer] #####################################################
[2026-06-13 07:52:30Z ERR  BrokerServer] System.Threading.Tasks.TaskCanceledException: The operation was canceled.
 ---> System.IO.IOException: Unable to read data from the transport connection: The I/O operation has been aborted because of either a thread exit or an application request..
 ---> System.Net.Sockets.SocketException (995): The I/O operation has been aborted because of either a thread exit or an application request.
   --- End of inner exception stack trace ---
   at System.Net.Sockets.Socket.AwaitableSocketAsyncEventArgs.ThrowException(SocketError error, CancellationToken cancellationToken)
   at System.Net.Sockets.Socket.AwaitableSocketAsyncEventArgs.System.Threading.Tasks.Sources.IValueTaskSource<System.Int32>.GetResult(Int16 token)
   at System.Net.Security.SslStream.EnsureFullTlsFrameAsync[TIOAdapter](CancellationToken cancellationToken, Int32 estimatedSize)
   at System.Runtime.CompilerServices.PoolingAsyncValueTaskMethodBuilder`1.StateMachineBox`1.System.Threading.Tasks.Sources.IValueTaskSource<TResult>.GetResult(Int16 token)
   at System.Net.Security.SslStream.ReadAsyncInternal[TIOAdapter](Memory`1 buffer, CancellationToken cancellationToken)
   at System.Runtime.CompilerServices.PoolingAsyncValueTaskMethodBuilder`1.StateMachineBox`1.System.Threading.Tasks.Sources.IValueTaskSource<TResult>.GetResult(Int16 token)
   at System.Net.Http.HttpConnection.SendAsync(HttpRequestMessage request, Boolean async, CancellationToken cancellationToken)
   --- End of inner exception stack trace ---
   at System.Net.Http.HttpConnection.SendAsync(HttpRequestMessage request, Boolean async, CancellationToken cancellationToken)
   at System.Net.Http.AuthenticationHelper.SendWithNtAuthAsync(HttpRequestMessage request, Uri authUri, Boolean async, ICredentials credentials, Boolean isProxyAuth, HttpConnection connection, HttpConnectionPool connectionPool, CancellationToken cancellationToken)
   at System.Net.Http.HttpConnectionPool.SendWithVersionDetectionAndRetryAsync(HttpRequestMessage request, Boolean async, Boolean doRequestAuth, CancellationToken cancellationToken)
   at System.Net.Http.AuthenticationHelper.SendWithAuthAsync(HttpRequestMessage request, Uri authUri, Boolean async, ICredentials credentials, Boolean preAuthenticate, Boolean isProxyAuth, Boolean doRequestAuth, HttpConnectionPool pool, CancellationToken cancellationToken)
   at System.Net.Http.RedirectHandler.SendAsync(HttpRequestMessage request, Boolean async, CancellationToken cancellationToken)
   at GitHub.Services.Common.RawHttpMessageHandler.SendAsync(HttpRequestMessage request, CancellationToken cancellationToken)
   at GitHub.Services.Common.VssHttpRetryMessageHandler.SendAsync(HttpRequestMessage request, CancellationToken cancellationToken)
   at System.Net.Http.HttpClient.<SendAsync>g__Core|83_0(HttpRequestMessage request, HttpCompletionOption completionOption, CancellationTokenSource cts, Boolean disposeCts, CancellationTokenSource pendingRequestsCts, CancellationToken originalCancellationToken)
[2026-06-13 07:52:30Z ERR  BrokerServer] #####################################################
[2026-06-13 07:52:30Z ERR  BrokerServer] System.IO.IOException: Unable to read data from the transport connection: The I/O operation has been aborted because of either a thread exit or an application request..
 ---> System.Net.Sockets.SocketException (995): The I/O operation has been aborted because of either a thread exit or an application request.
   --- End of inner exception stack trace ---
   at System.Net.Sockets.Socket.AwaitableSocketAsyncEventArgs.ThrowException(SocketError error, CancellationToken cancellationToken)
   at System.Net.Sockets.Socket.AwaitableSocketAsyncEventArgs.System.Threading.Tasks.Sources.IValueTaskSource<System.Int32>.GetResult(Int16 token)
   at System.Net.Security.SslStream.EnsureFullTlsFrameAsync[TIOAdapter](CancellationToken cancellationToken, Int32 estimatedSize)
   at System.Runtime.CompilerServices.PoolingAsyncValueTaskMethodBuilder`1.StateMachineBox`1.System.Threading.Tasks.Sources.IValueTaskSource<TResult>.GetResult(Int16 token)
   at System.Net.Security.SslStream.ReadAsyncInternal[TIOAdapter](Memory`1 buffer, CancellationToken cancellationToken)
   at System.Runtime.CompilerServices.PoolingAsyncValueTaskMethodBuilder`1.StateMachineBox`1.System.Threading.Tasks.Sources.IValueTaskSource<TResult>.GetResult(Int16 token)
   at System.Net.Http.HttpConnection.SendAsync(HttpRequestMessage request, Boolean async, CancellationToken cancellationToken)
[2026-06-13 07:52:30Z ERR  BrokerServer] #####################################################
[2026-06-13 07:52:30Z ERR  BrokerServer] System.Net.Sockets.SocketException (995): The I/O operation has been aborted because of either a thread exit or an application request.
[2026-06-13 07:52:30Z WARN BrokerServer] Back off 9.363 seconds before next retry. 4 attempt left.
[2026-06-13 07:52:30Z INFO BrokerMessageListener] Get messages has been cancelled using local token source. Continue to get messages with new status.
[2026-06-13 07:56:05Z INFO BrokerMessageListener] Acknowledging runner request '860944d9-723b-5a38-a79e-5f37b99ae5cb'.
[2026-06-13 07:56:06Z INFO ConfigurationStore] HasCredentials()
[2026-06-13 07:56:06Z INFO ConfigurationStore] stored True
[2026-06-13 07:56:06Z INFO CredentialManager] GetCredentialProvider
[2026-06-13 07:56:06Z INFO CredentialManager] Creating type OAuth
[2026-06-13 07:56:06Z INFO CredentialManager] Creating credential type: OAuth
[2026-06-13 07:56:06Z INFO RSAEncryptedFileKeyManager] Loading RSA key parameters from file D:\Docker\actions-runner\.credentials_rsaparams
[2026-06-13 07:56:06Z INFO RSAEncryptedFileKeyManager] Loading RSA key parameters from file D:\Docker\actions-runner\.credentials_rsaparams
[2026-06-13 07:56:06Z INFO RSAEncryptedFileKeyManager] Loading RSA key parameters from file D:\Docker\actions-runner\.credentials_rsaparams
[2026-06-13 07:56:07Z INFO GitHubActionsService] AAD Correlation ID for this token request: Unknown
[2026-06-13 07:56:08Z INFO JobDispatcher] Job request 0 for plan a5fd09c1-9c5e-4f0d-b255-cfd8732d5a5b job 860944d9-723b-5a38-a79e-5f37b99ae5cb received.
[2026-06-13 07:56:08Z INFO JobDispatcher] Pull OrchestrationId a5fd09c1-9c5e-4f0d-b255-cfd8732d5a5b.deploy.__default from JWT claims
[2026-06-13 07:56:08Z INFO BrokerMessageListener] Received job status event. JobState: Busy
[2026-06-13 07:56:08Z INFO BrokerMessageListener] _getMessagesTokenSource is already disposed.
[2026-06-13 07:56:08Z INFO JobDispatcher] Job request f5b2f22d-74f0-5609-978d-d969bae6ff70 processed succeed.
[2026-06-13 07:56:08Z INFO Terminal] WRITE LINE: 2026-06-13 07:56:08Z: Running job: deploy
[2026-06-13 07:56:08Z INFO JobDispatcher] Start renew job request 0 for job 860944d9-723b-5a38-a79e-5f37b99ae5cb.
[2026-06-13 07:56:09Z INFO JobDispatcher] Successfully renew job 860944d9-723b-5a38-a79e-5f37b99ae5cb, job is valid till 6/13/2026 8:06:03 AM
[2026-06-13 07:56:09Z INFO HostContext] Well known directory 'Bin': 'D:\Docker\actions-runner\bin'
[2026-06-13 07:56:09Z INFO ProcessInvokerWrapper] Starting process:
[2026-06-13 07:56:09Z INFO ProcessInvokerWrapper]   File name: 'D:\Docker\actions-runner\bin\Runner.Worker.exe'
[2026-06-13 07:56:09Z INFO ProcessInvokerWrapper]   Arguments: 'spawnclient 2536 2224'
[2026-06-13 07:56:09Z INFO ProcessInvokerWrapper]   Working directory: 'D:\Docker\actions-runner\bin'
[2026-06-13 07:56:09Z INFO ProcessInvokerWrapper]   Require exit code zero: 'False'
[2026-06-13 07:56:09Z INFO ProcessInvokerWrapper]   Encoding web name:  ; code page: ''
[2026-06-13 07:56:09Z INFO ProcessInvokerWrapper]   Force kill process on cancellation: 'True'
[2026-06-13 07:56:09Z INFO ProcessInvokerWrapper]   Redirected STDIN: 'False'
[2026-06-13 07:56:09Z INFO ProcessInvokerWrapper]   Persist current code page: 'False'
[2026-06-13 07:56:09Z INFO ProcessInvokerWrapper]   Keep redirected STDIN open: 'False'
[2026-06-13 07:56:09Z INFO ProcessInvokerWrapper]   High priority process: 'True'
[2026-06-13 07:56:09Z INFO ProcessInvokerWrapper] Process started with process id 19872, waiting for process exit.
[2026-06-13 07:56:09Z INFO JobDispatcher] Send job request message to worker for job 860944d9-723b-5a38-a79e-5f37b99ae5cb.
[2026-06-13 07:56:09Z INFO ProcessChannel] Sending message of length 24117, with hash '845c52e3e906ef58a3255512c33fac987cd5c0b8e07c3ed3c99662ba1885c7c2'
[2026-06-13 07:56:11Z INFO JobNotification] Entering JobStarted Notification
[2026-06-13 07:56:11Z INFO JobNotification] Entering StartMonitor
[2026-06-13 07:57:10Z INFO JobDispatcher] Successfully renew job 860944d9-723b-5a38-a79e-5f37b99ae5cb, job is valid till 6/13/2026 8:07:03 AM
[2026-06-13 07:58:10Z INFO JobDispatcher] Successfully renew job 860944d9-723b-5a38-a79e-5f37b99ae5cb, job is valid till 6/13/2026 8:08:03 AM
[2026-06-13 07:59:11Z INFO JobDispatcher] Successfully renew job 860944d9-723b-5a38-a79e-5f37b99ae5cb, job is valid till 6/13/2026 8:09:04 AM
[2026-06-13 07:59:59Z INFO ProcessInvokerWrapper] STDOUT/STDERR stream read finished.
[2026-06-13 07:59:59Z INFO ProcessInvokerWrapper] STDOUT/STDERR stream read finished.
[2026-06-13 07:59:59Z INFO ProcessInvokerWrapper] Finished process 19872 with exit code 102, and elapsed time 00:03:49.9579351.
[2026-06-13 07:59:59Z INFO JobDispatcher] Worker finished for job 860944d9-723b-5a38-a79e-5f37b99ae5cb. Code: 102
[2026-06-13 07:59:59Z INFO JobDispatcher] finish job request for job 860944d9-723b-5a38-a79e-5f37b99ae5cb with result: Failed
[2026-06-13 07:59:59Z INFO Terminal] WRITE LINE: 2026-06-13 07:59:59Z: Job deploy completed with result: Failed
[2026-06-13 07:59:59Z INFO JobDispatcher] Stop renew job request for job 860944d9-723b-5a38-a79e-5f37b99ae5cb.
[2026-06-13 07:59:59Z INFO JobDispatcher] job renew has been cancelled, stop renew job 860944d9-723b-5a38-a79e-5f37b99ae5cb.
[2026-06-13 07:59:59Z INFO JobNotification] Entering JobCompleted Notification
[2026-06-13 07:59:59Z INFO JobNotification] Entering EndMonitor
[2026-06-13 07:59:59Z INFO BrokerMessageListener] Received job status event. JobState: Online
[2026-06-13 07:59:59Z WARN GitHubActionsService] GET request to https://broker.actions.githubusercontent.com/message?sessionId=2e42c11a-2324-42c4-87cb-4a252230e21c&status=Busy&runnerVersion=2.335.1&os=Windows&architecture=X64&disableUpdate=false has been cancelled.
[2026-06-13 07:59:59Z ERR  BrokerServer] Catch exception during request
[2026-06-13 07:59:59Z ERR  BrokerServer] System.Threading.Tasks.TaskCanceledException: The operation was canceled.
 ---> System.Threading.Tasks.TaskCanceledException: The operation was canceled.
 ---> System.IO.IOException: Unable to read data from the transport connection: The I/O operation has been aborted because of either a thread exit or an application request..
 ---> System.Net.Sockets.SocketException (995): The I/O operation has been aborted because of either a thread exit or an application request.
   --- End of inner exception stack trace ---
   at System.Net.Sockets.Socket.AwaitableSocketAsyncEventArgs.System.Threading.Tasks.Sources.IValueTaskSource<System.Int32>.GetResult(Int16 token)
   at System.Net.Security.SslStream.EnsureFullTlsFrameAsync[TIOAdapter](CancellationToken cancellationToken, Int32 estimatedSize)
   at System.Runtime.CompilerServices.PoolingAsyncValueTaskMethodBuilder`1.StateMachineBox`1.System.Threading.Tasks.Sources.IValueTaskSource<TResult>.GetResult(Int16 token)
   at System.Net.Security.SslStream.ReadAsyncInternal[TIOAdapter](Memory`1 buffer, CancellationToken cancellationToken)
   at System.Runtime.CompilerServices.PoolingAsyncValueTaskMethodBuilder`1.StateMachineBox`1.System.Threading.Tasks.Sources.IValueTaskSource<TResult>.GetResult(Int16 token)
   at System.Net.Http.HttpConnection.SendAsync(HttpRequestMessage request, Boolean async, CancellationToken cancellationToken)
   --- End of inner exception stack trace ---
   at System.Net.Http.HttpConnection.SendAsync(HttpRequestMessage request, Boolean async, CancellationToken cancellationToken)
   at System.Net.Http.AuthenticationHelper.SendWithNtAuthAsync(HttpRequestMessage request, Uri authUri, Boolean async, ICredentials credentials, Boolean isProxyAuth, HttpConnection connection, HttpConnectionPool connectionPool, CancellationToken cancellationToken)
   at System.Net.Http.HttpConnectionPool.SendWithVersionDetectionAndRetryAsync(HttpRequestMessage request, Boolean async, Boolean doRequestAuth, CancellationToken cancellationToken)
   at System.Net.Http.AuthenticationHelper.SendWithAuthAsync(HttpRequestMessage request, Uri authUri, Boolean async, ICredentials credentials, Boolean preAuthenticate, Boolean isProxyAuth, Boolean doRequestAuth, HttpConnectionPool pool, CancellationToken cancellationToken)
   at System.Net.Http.RedirectHandler.SendAsync(HttpRequestMessage request, Boolean async, CancellationToken cancellationToken)
   at GitHub.Services.Common.RawHttpMessageHandler.SendAsync(HttpRequestMessage request, CancellationToken cancellationToken)
   at GitHub.Services.Common.VssHttpRetryMessageHandler.SendAsync(HttpRequestMessage request, CancellationToken cancellationToken)
   at System.Net.Http.HttpClient.<SendAsync>g__Core|83_0(HttpRequestMessage request, HttpCompletionOption completionOption, CancellationTokenSource cts, Boolean disposeCts, CancellationTokenSource pendingRequestsCts, CancellationToken originalCancellationToken)
   --- End of inner exception stack trace ---
   at System.Net.Http.HttpClient.HandleFailure(Exception e, Boolean telemetryStarted, HttpResponseMessage response, CancellationTokenSource cts, CancellationToken cancellationToken, CancellationTokenSource pendingRequestsCts)
   at System.Net.Http.HttpClient.<SendAsync>g__Core|83_0(HttpRequestMessage request, HttpCompletionOption completionOption, CancellationTokenSource cts, Boolean disposeCts, CancellationTokenSource pendingRequestsCts, CancellationToken originalCancellationToken)
   at Sdk.WebApi.WebApi.RawHttpClientBase.SendAsync(HttpRequestMessage message, HttpCompletionOption completionOption, Object userState, CancellationToken cancellationToken)
   at Sdk.WebApi.WebApi.RawHttpClientBase.SendAsync[T](HttpRequestMessage message, Boolean readErrorBody, Object userState, CancellationToken cancellationToken)
   at Sdk.WebApi.WebApi.RawHttpClientBase.SendAsync[T](HttpMethod method, IEnumerable`1 additionalHeaders, Uri requestUri, HttpContent content, IEnumerable`1 queryParameters, Boolean readErrorBody, Object userState, CancellationToken cancellationToken)
   at GitHub.Actions.RunService.WebApi.BrokerHttpClient.GetRunnerMessageAsync(Nullable`1 sessionId, String runnerVersion, Nullable`1 status, String os, String architecture, Nullable`1 disableUpdate, CancellationToken cancellationToken)
   at GitHub.Runner.Common.BrokerServer.<>c__DisplayClass7_0.<<GetRunnerMessageAsync>b__0>d.MoveNext()
--- End of stack trace from previous location ---
   at GitHub.Runner.Common.RunnerService.RetryRequest[T](Func`1 func, CancellationToken cancellationToken, Int32 maxAttempts, Func`2 shouldRetry)
[2026-06-13 07:59:59Z ERR  BrokerServer] #####################################################
[2026-06-13 07:59:59Z ERR  BrokerServer] System.Threading.Tasks.TaskCanceledException: The operation was canceled.
 ---> System.IO.IOException: Unable to read data from the transport connection: The I/O operation has been aborted because of either a thread exit or an application request..
 ---> System.Net.Sockets.SocketException (995): The I/O operation has been aborted because of either a thread exit or an application request.
   --- End of inner exception stack trace ---
   at System.Net.Sockets.Socket.AwaitableSocketAsyncEventArgs.System.Threading.Tasks.Sources.IValueTaskSource<System.Int32>.GetResult(Int16 token)
   at System.Net.Security.SslStream.EnsureFullTlsFrameAsync[TIOAdapter](CancellationToken cancellationToken, Int32 estimatedSize)
   at System.Runtime.CompilerServices.PoolingAsyncValueTaskMethodBuilder`1.StateMachineBox`1.System.Threading.Tasks.Sources.IValueTaskSource<TResult>.GetResult(Int16 token)
   at System.Net.Security.SslStream.ReadAsyncInternal[TIOAdapter](Memory`1 buffer, CancellationToken cancellationToken)
   at System.Runtime.CompilerServices.PoolingAsyncValueTaskMethodBuilder`1.StateMachineBox`1.System.Threading.Tasks.Sources.IValueTaskSource<TResult>.GetResult(Int16 token)
   at System.Net.Http.HttpConnection.SendAsync(HttpRequestMessage request, Boolean async, CancellationToken cancellationToken)
   --- End of inner exception stack trace ---
   at System.Net.Http.HttpConnection.SendAsync(HttpRequestMessage request, Boolean async, CancellationToken cancellationToken)
   at System.Net.Http.AuthenticationHelper.SendWithNtAuthAsync(HttpRequestMessage request, Uri authUri, Boolean async, ICredentials credentials, Boolean isProxyAuth, HttpConnection connection, HttpConnectionPool connectionPool, CancellationToken cancellationToken)
   at System.Net.Http.HttpConnectionPool.SendWithVersionDetectionAndRetryAsync(HttpRequestMessage request, Boolean async, Boolean doRequestAuth, CancellationToken cancellationToken)
   at System.Net.Http.AuthenticationHelper.SendWithAuthAsync(HttpRequestMessage request, Uri authUri, Boolean async, ICredentials credentials, Boolean preAuthenticate, Boolean isProxyAuth, Boolean doRequestAuth, HttpConnectionPool pool, CancellationToken cancellationToken)
   at System.Net.Http.RedirectHandler.SendAsync(HttpRequestMessage request, Boolean async, CancellationToken cancellationToken)
   at GitHub.Services.Common.RawHttpMessageHandler.SendAsync(HttpRequestMessage request, CancellationToken cancellationToken)
   at GitHub.Services.Common.VssHttpRetryMessageHandler.SendAsync(HttpRequestMessage request, CancellationToken cancellationToken)
   at System.Net.Http.HttpClient.<SendAsync>g__Core|83_0(HttpRequestMessage request, HttpCompletionOption completionOption, CancellationTokenSource cts, Boolean disposeCts, CancellationTokenSource pendingRequestsCts, CancellationToken originalCancellationToken)
[2026-06-13 07:59:59Z ERR  BrokerServer] #####################################################
[2026-06-13 07:59:59Z ERR  BrokerServer] System.IO.IOException: Unable to read data from the transport connection: The I/O operation has been aborted because of either a thread exit or an application request..
 ---> System.Net.Sockets.SocketException (995): The I/O operation has been aborted because of either a thread exit or an application request.
   --- End of inner exception stack trace ---
   at System.Net.Sockets.Socket.AwaitableSocketAsyncEventArgs.System.Threading.Tasks.Sources.IValueTaskSource<System.Int32>.GetResult(Int16 token)
   at System.Net.Security.SslStream.EnsureFullTlsFrameAsync[TIOAdapter](CancellationToken cancellationToken, Int32 estimatedSize)
   at System.Runtime.CompilerServices.PoolingAsyncValueTaskMethodBuilder`1.StateMachineBox`1.System.Threading.Tasks.Sources.IValueTaskSource<TResult>.GetResult(Int16 token)
   at System.Net.Security.SslStream.ReadAsyncInternal[TIOAdapter](Memory`1 buffer, CancellationToken cancellationToken)
   at System.Runtime.CompilerServices.PoolingAsyncValueTaskMethodBuilder`1.StateMachineBox`1.System.Threading.Tasks.Sources.IValueTaskSource<TResult>.GetResult(Int16 token)
   at System.Net.Http.HttpConnection.SendAsync(HttpRequestMessage request, Boolean async, CancellationToken cancellationToken)
[2026-06-13 07:59:59Z ERR  BrokerServer] #####################################################
[2026-06-13 07:59:59Z ERR  BrokerServer] System.Net.Sockets.SocketException (995): The I/O operation has been aborted because of either a thread exit or an application request.
[2026-06-13 07:59:59Z WARN BrokerServer] Back off 12.909 seconds before next retry. 4 attempt left.
[2026-06-13 07:59:59Z INFO BrokerMessageListener] Get messages has been cancelled using local token source. Continue to get messages with new status.
[2026-06-13 08:01:12Z INFO Terminal] WRITE LINE: Exiting...
[2026-06-13 08:01:12Z INFO ConfigurationStore] IsServiceConfigured()
[2026-06-13 08:01:12Z INFO ConfigurationStore] IsServiceConfigured: False
[2026-06-13 08:01:12Z INFO HostContext] Runner will be shutdown for UserCancelled
[2026-06-13 08:01:12Z WARN GitHubActionsService] GET request to https://broker.actions.githubusercontent.com/message?sessionId=2e42c11a-2324-42c4-87cb-4a252230e21c&status=Online&runnerVersion=2.335.1&os=Windows&architecture=X64&disableUpdate=false has been cancelled.
[2026-06-13 08:01:12Z ERR  BrokerServer] Catch exception during request
[2026-06-13 08:01:12Z ERR  BrokerServer] System.Threading.Tasks.TaskCanceledException: The operation was canceled.
 ---> System.Threading.Tasks.TaskCanceledException: The operation was canceled.
 ---> System.IO.IOException: Unable to read data from the transport connection: The I/O operation has been aborted because of either a thread exit or an application request..
 ---> System.Net.Sockets.SocketException (995): The I/O operation has been aborted because of either a thread exit or an application request.
   --- End of inner exception stack trace ---
   at System.Net.Sockets.Socket.AwaitableSocketAsyncEventArgs.System.Threading.Tasks.Sources.IValueTaskSource<System.Int32>.GetResult(Int16 token)
   at System.Net.Security.SslStream.EnsureFullTlsFrameAsync[TIOAdapter](CancellationToken cancellationToken, Int32 estimatedSize)
   at System.Runtime.CompilerServices.PoolingAsyncValueTaskMethodBuilder`1.StateMachineBox`1.System.Threading.Tasks.Sources.IValueTaskSource<TResult>.GetResult(Int16 token)
   at System.Net.Security.SslStream.ReadAsyncInternal[TIOAdapter](Memory`1 buffer, CancellationToken cancellationToken)
   at System.Runtime.CompilerServices.PoolingAsyncValueTaskMethodBuilder`1.StateMachineBox`1.System.Threading.Tasks.Sources.IValueTaskSource<TResult>.GetResult(Int16 token)
   at System.Net.Http.HttpConnection.SendAsync(HttpRequestMessage request, Boolean async, CancellationToken cancellationToken)
   --- End of inner exception stack trace ---
   at System.Net.Http.HttpConnection.SendAsync(HttpRequestMessage request, Boolean async, CancellationToken cancellationToken)
   at System.Net.Http.AuthenticationHelper.SendWithNtAuthAsync(HttpRequestMessage request, Uri authUri, Boolean async, ICredentials credentials, Boolean isProxyAuth, HttpConnection connection, HttpConnectionPool connectionPool, CancellationToken cancellationToken)
   at System.Net.Http.HttpConnectionPool.SendWithVersionDetectionAndRetryAsync(HttpRequestMessage request, Boolean async, Boolean doRequestAuth, CancellationToken cancellationToken)
   at System.Net.Http.AuthenticationHelper.SendWithAuthAsync(HttpRequestMessage request, Uri authUri, Boolean async, ICredentials credentials, Boolean preAuthenticate, Boolean isProxyAuth, Boolean doRequestAuth, HttpConnectionPool pool, CancellationToken cancellationToken)
   at System.Net.Http.RedirectHandler.SendAsync(HttpRequestMessage request, Boolean async, CancellationToken cancellationToken)
   at GitHub.Services.Common.RawHttpMessageHandler.SendAsync(HttpRequestMessage request, CancellationToken cancellationToken)
   at GitHub.Services.Common.VssHttpRetryMessageHandler.SendAsync(HttpRequestMessage request, CancellationToken cancellationToken)
   at System.Net.Http.HttpClient.<SendAsync>g__Core|83_0(HttpRequestMessage request, HttpCompletionOption completionOption, CancellationTokenSource cts, Boolean disposeCts, CancellationTokenSource pendingRequestsCts, CancellationToken originalCancellationToken)
   --- End of inner exception stack trace ---
   at System.Net.Http.HttpClient.HandleFailure(Exception e, Boolean telemetryStarted, HttpResponseMessage response, CancellationTokenSource cts, CancellationToken cancellationToken, CancellationTokenSource pendingRequestsCts)
   at System.Net.Http.HttpClient.<SendAsync>g__Core|83_0(HttpRequestMessage request, HttpCompletionOption completionOption, CancellationTokenSource cts, Boolean disposeCts, CancellationTokenSource pendingRequestsCts, CancellationToken originalCancellationToken)
   at Sdk.WebApi.WebApi.RawHttpClientBase.SendAsync(HttpRequestMessage message, HttpCompletionOption completionOption, Object userState, CancellationToken cancellationToken)
   at Sdk.WebApi.WebApi.RawHttpClientBase.SendAsync[T](HttpRequestMessage message, Boolean readErrorBody, Object userState, CancellationToken cancellationToken)
   at Sdk.WebApi.WebApi.RawHttpClientBase.SendAsync[T](HttpMethod method, IEnumerable`1 additionalHeaders, Uri requestUri, HttpContent content, IEnumerable`1 queryParameters, Boolean readErrorBody, Object userState, CancellationToken cancellationToken)
   at GitHub.Actions.RunService.WebApi.BrokerHttpClient.GetRunnerMessageAsync(Nullable`1 sessionId, String runnerVersion, Nullable`1 status, String os, String architecture, Nullable`1 disableUpdate, CancellationToken cancellationToken)
   at GitHub.Runner.Common.BrokerServer.<>c__DisplayClass7_0.<<GetRunnerMessageAsync>b__0>d.MoveNext()
--- End of stack trace from previous location ---
   at GitHub.Runner.Common.RunnerService.RetryRequest[T](Func`1 func, CancellationToken cancellationToken, Int32 maxAttempts, Func`2 shouldRetry)
[2026-06-13 08:01:12Z ERR  BrokerServer] #####################################################
[2026-06-13 08:01:12Z ERR  BrokerServer] System.Threading.Tasks.TaskCanceledException: The operation was canceled.
 ---> System.IO.IOException: Unable to read data from the transport connection: The I/O operation has been aborted because of either a thread exit or an application request..
 ---> System.Net.Sockets.SocketException (995): The I/O operation has been aborted because of either a thread exit or an application request.
   --- End of inner exception stack trace ---
   at System.Net.Sockets.Socket.AwaitableSocketAsyncEventArgs.System.Threading.Tasks.Sources.IValueTaskSource<System.Int32>.GetResult(Int16 token)
   at System.Net.Security.SslStream.EnsureFullTlsFrameAsync[TIOAdapter](CancellationToken cancellationToken, Int32 estimatedSize)
   at System.Runtime.CompilerServices.PoolingAsyncValueTaskMethodBuilder`1.StateMachineBox`1.System.Threading.Tasks.Sources.IValueTaskSource<TResult>.GetResult(Int16 token)
   at System.Net.Security.SslStream.ReadAsyncInternal[TIOAdapter](Memory`1 buffer, CancellationToken cancellationToken)
   at System.Runtime.CompilerServices.PoolingAsyncValueTaskMethodBuilder`1.StateMachineBox`1.System.Threading.Tasks.Sources.IValueTaskSource<TResult>.GetResult(Int16 token)
   at System.Net.Http.HttpConnection.SendAsync(HttpRequestMessage request, Boolean async, CancellationToken cancellationToken)
   --- End of inner exception stack trace ---
   at System.Net.Http.HttpConnection.SendAsync(HttpRequestMessage request, Boolean async, CancellationToken cancellationToken)
   at System.Net.Http.AuthenticationHelper.SendWithNtAuthAsync(HttpRequestMessage request, Uri authUri, Boolean async, ICredentials credentials, Boolean isProxyAuth, HttpConnection connection, HttpConnectionPool connectionPool, CancellationToken cancellationToken)
   at System.Net.Http.HttpConnectionPool.SendWithVersionDetectionAndRetryAsync(HttpRequestMessage request, Boolean async, Boolean doRequestAuth, CancellationToken cancellationToken)
   at System.Net.Http.AuthenticationHelper.SendWithAuthAsync(HttpRequestMessage request, Uri authUri, Boolean async, ICredentials credentials, Boolean preAuthenticate, Boolean isProxyAuth, Boolean doRequestAuth, HttpConnectionPool pool, CancellationToken cancellationToken)
   at System.Net.Http.RedirectHandler.SendAsync(HttpRequestMessage request, Boolean async, CancellationToken cancellationToken)
   at GitHub.Services.Common.RawHttpMessageHandler.SendAsync(HttpRequestMessage request, CancellationToken cancellationToken)
   at GitHub.Services.Common.VssHttpRetryMessageHandler.SendAsync(HttpRequestMessage request, CancellationToken cancellationToken)
   at System.Net.Http.HttpClient.<SendAsync>g__Core|83_0(HttpRequestMessage request, HttpCompletionOption completionOption, CancellationTokenSource cts, Boolean disposeCts, CancellationTokenSource pendingRequestsCts, CancellationToken originalCancellationToken)
[2026-06-13 08:01:12Z ERR  BrokerServer] #####################################################
[2026-06-13 08:01:12Z ERR  BrokerServer] System.IO.IOException: Unable to read data from the transport connection: The I/O operation has been aborted because of either a thread exit or an application request..
 ---> System.Net.Sockets.SocketException (995): The I/O operation has been aborted because of either a thread exit or an application request.
   --- End of inner exception stack trace ---
   at System.Net.Sockets.Socket.AwaitableSocketAsyncEventArgs.System.Threading.Tasks.Sources.IValueTaskSource<System.Int32>.GetResult(Int16 token)
   at System.Net.Security.SslStream.EnsureFullTlsFrameAsync[TIOAdapter](CancellationToken cancellationToken, Int32 estimatedSize)
   at System.Runtime.CompilerServices.PoolingAsyncValueTaskMethodBuilder`1.StateMachineBox`1.System.Threading.Tasks.Sources.IValueTaskSource<TResult>.GetResult(Int16 token)
   at System.Net.Security.SslStream.ReadAsyncInternal[TIOAdapter](Memory`1 buffer, CancellationToken cancellationToken)
   at System.Runtime.CompilerServices.PoolingAsyncValueTaskMethodBuilder`1.StateMachineBox`1.System.Threading.Tasks.Sources.IValueTaskSource<TResult>.GetResult(Int16 token)
   at System.Net.Http.HttpConnection.SendAsync(HttpRequestMessage request, Boolean async, CancellationToken cancellationToken)
[2026-06-13 08:01:12Z ERR  BrokerServer] #####################################################
[2026-06-13 08:01:12Z ERR  BrokerServer] System.Net.Sockets.SocketException (995): The I/O operation has been aborted because of either a thread exit or an application request.
[2026-06-13 08:01:12Z WARN BrokerServer] Back off 7.148 seconds before next retry. 4 attempt left.
[2026-06-13 08:01:12Z INFO BrokerMessageListener] Get next message has been cancelled.
[2026-06-13 08:01:12Z INFO JobDispatcher] Shutting down JobDispatcher. Make sure all WorkerDispatcher has finished.
[2026-06-13 08:01:12Z INFO JobDispatcher] Ensure WorkerDispatcher for job 860944d9-723b-5a38-a79e-5f37b99ae5cb run to finish, cancel any running job.
[2026-06-13 08:01:12Z INFO JobDispatcher] Job request 860944d9-723b-5a38-a79e-5f37b99ae5cb processed succeed.
[2026-06-13 08:01:12Z INFO Runner] Deleting Runner Session...
[2026-06-13 08:01:19Z INFO Listener] Runner execution been cancelled.
